[2018-05-23 10:41:14] development.ERROR: October\Rain\Exception\SystemException: Class name is not registered for the component "staticPage". Check the component plugin. in /home/phat/SourceCode/october/modules/cms/classes/ComponentManager.php:200
Stack trace:
#0 /home/phat/SourceCode/october/modules/cms/classes/Controller.php(1226): Cms\Classes\ComponentManager->makeComponent('staticPage', Object(Cms5b05454a67316343245952_a4b341330f80b3085a0f3ff19f631175Class), Array)
#1 /home/phat/SourceCode/october/modules/cms/classes/Controller.php(550): Cms\Classes\Controller->addComponent('staticPage', 'staticPage', Array, true)
#2 /home/phat/SourceCode/october/modules/cms/classes/Controller.php(304): Cms\Classes\Controller->initComponents()
#3 /home/phat/SourceCode/october/modules/cms/classes/Controller.php(213): Cms\Classes\Controller->runPage(Object(Cms\Classes\Page))
#4 /home/phat/SourceCode/october/modules/cms/classes/CmsController.php(50): Cms\Classes\Controller->run('/')
#5 [internal function]: Cms\Classes\CmsController->run('/')
#6 /home/phat/SourceCode/october/vendor/laravel/framework/src/Illuminate/Routing/Controller.php(54): call_user_func_array(Array, Array)
#7 /home/phat/SourceCode/october/vendor/laravel/framework/src/Illuminate/Routing/ControllerDispatcher.php(45): Illuminate\Routing\Controller->callAction('run', Array)
#8 /home/phat/SourceCode/october/vendor/laravel/framework/src/Illuminate/Routing/Route.php(212): Illuminate\Routing\ControllerDispatcher->dispatch(Object(Illuminate\Routing\Route), Object(Cms\Classes\CmsController), 'run')
#9 /home/phat/SourceCode/october/vendor/laravel/framework/src/Illuminate/Routing/Route.php(169): Illuminate\Routing\Route->runController()
#10 /home/phat/SourceCode/october/vendor/laravel/framework/src/Illuminate/Routing/Router.php(658): Illuminate\Routing\Route->run()
#11 /home/phat/SourceCode/october/vendor/laravel/framework/src/Illuminate/Routing/Pipeline.php(30): Illuminate\Routing\Router->Illuminate\Routing\{closure}(Object(Illuminate\Http\Request))
#12 /home/phat/SourceCode/october/plugins/rainlab/translate/classes/LocaleMiddleware.php(29): Illuminate\Routing\Pipeline->Illuminate\Routing\{closure}(Object(Illuminate\Http\Request))
#13 /home/phat/SourceCode/october/vendor/laravel/framework/src/Illuminate/Pipeline/Pipeline.php(149): RainLab\Translate\Classes\LocaleMiddleware->handle(Object(Illuminate\Http\Request), Object(Closure))
#14 /home/phat/SourceCode/october/vendor/laravel/framework/src/Illuminate/Routing/Pipeline.php(53): Illuminate\Pipeline\Pipeline->Illuminate\Pipeline\{closure}(Object(Illuminate\Http\Request))
#15 /home/phat/SourceCode/october/vendor/laravel/framework/src/Illuminate/Routing/Middleware/SubstituteBindings.php(41): Illuminate\Routing\Pipeline->Illuminate\Routing\{closure}(Object(Illuminate\Http\Request))
#16 /home/phat/SourceCode/october/vendor/laravel/framework/src/Illuminate/Pipeline/Pipeline.php(149): Illuminate\Routing\Middleware\SubstituteBindings->handle(Object(Illuminate\Http\Request), Object(Closure))
#17 /home/phat/SourceCode/october/vendor/laravel/framework/src/Illuminate/Routing/Pipeline.php(53): Illuminate\Pipeline\Pipeline->Illuminate\Pipeline\{closure}(Object(Illuminate\Http\Request))
#18 /home/phat/SourceCode/october/vendor/laravel/framework/src/Illuminate/View/Middleware/ShareErrorsFromSession.php(49): Illuminate\Routing\Pipeline->Illuminate\Routing\{closure}(Object(Illuminate\Http\Request))
#19 /home/phat/SourceCode/october/vendor/laravel/framework/src/Illuminate/Pipeline/Pipeline.php(149): Illuminate\View\Middleware\ShareErrorsFromSession->handle(Object(Illuminate\Http\Request), Object(Closure))
#20 /home/phat/SourceCode/october/vendor/laravel/framework/src/Illuminate/Routing/Pipeline.php(53): Illuminate\Pipeline\Pipeline->Illuminate\Pipeline\{closure}(Object(Illuminate\Http\Request))
#21 /home/phat/SourceCode/october/vendor/laravel/framework/src/Illuminate/Session/Middleware/StartSession.php(63): Illuminate\Routing\Pipeline->Illuminate\Routing\{closure}(Object(Illuminate\Http\Request))
#22 /home/phat/SourceCode/october/vendor/laravel/framework/src/Illuminate/Pipeline/Pipeline.php(149): Illuminate\Session\Middleware\StartSession->handle(Object(Illuminate\Http\Request), Object(Closure))
#23 /home/phat/SourceCode/october/vendor/laravel/framework/src/Illuminate/Routing/Pipeline.php(53): Illuminate\Pipeline\Pipeline->Illuminate\Pipeline\{closure}(Object(Illuminate\Http\Request))
#24 /home/phat/SourceCode/october/vendor/laravel/framework/src/Illuminate/Cookie/Middleware/AddQueuedCookiesToResponse.php(37): Illuminate\Routing\Pipeline->Illuminate\Routing\{closure}(Object(Illuminate\Http\Request))
#25 /home/phat/SourceCode/october/vendor/laravel/framework/src/Illuminate/Pipeline/Pipeline.php(149): Illuminate\Cookie\Middleware\AddQueuedCookiesToResponse->handle(Object(Illuminate\Http\Request), Object(Closure))
#26 /home/phat/SourceCode/october/vendor/laravel/framework/src/Illuminate/Routing/Pipeline.php(53): Illuminate\Pipeline\Pipeline->Illuminate\Pipeline\{closure}(Object(Illuminate\Http\Request))
#27 /home/phat/SourceCode/october/vendor/laravel/framework/src/Illuminate/Cookie/Middleware/EncryptCookies.php(59): Illuminate\Routing\Pipeline->Illuminate\Routing\{closure}(Object(Illuminate\Http\Request))
#28 /home/phat/SourceCode/october/vendor/laravel/framework/src/Illuminate/Pipeline/Pipeline.php(149): Illuminate\Cookie\Middleware\EncryptCookies->handle(Object(Illuminate\Http\Request), Object(Closure))
#29 /home/phat/SourceCode/october/vendor/laravel/framework/src/Illuminate/Routing/Pipeline.php(53): Illuminate\Pipeline\Pipeline->Illuminate\Pipeline\{closure}(Object(Illuminate\Http\Request))
#30 /home/phat/SourceCode/october/vendor/laravel/framework/src/Illuminate/Pipeline/Pipeline.php(102): Illuminate\Routing\Pipeline->Illuminate\Routing\{closure}(Object(Illuminate\Http\Request))
#31 /home/phat/SourceCode/october/vendor/laravel/framework/src/Illuminate/Routing/Router.php(660): Illuminate\Pipeline\Pipeline->then(Object(Closure))
#32 /home/phat/SourceCode/october/vendor/laravel/framework/src/Illuminate/Routing/Router.php(635): Illuminate\Routing\Router->runRouteWithinStack(Object(Illuminate\Routing\Route), Object(Illuminate\Http\Request))
#33 /home/phat/SourceCode/october/vendor/laravel/framework/src/Illuminate/Routing/Router.php(601): Illuminate\Routing\Router->runRoute(Object(Illuminate\Http\Request), Object(Illuminate\Routing\Route))
#34 /home/phat/SourceCode/october/vendor/october/rain/src/Router/CoreRouter.php(20): Illuminate\Routing\Router->dispatchToRoute(Object(Illuminate\Http\Request))
#35 /home/phat/SourceCode/october/vendor/laravel/framework/src/Illuminate/Foundation/Http/Kernel.php(176): October\Rain\Router\CoreRouter->dispatch(Object(Illuminate\Http\Request))
#36 /home/phat/SourceCode/october/vendor/laravel/framework/src/Illuminate/Routing/Pipeline.php(30): Illuminate\Foundation\Http\Kernel->Illuminate\Foundation\Http\{closure}(Object(Illuminate\Http\Request))
#37 /home/phat/SourceCode/october/vendor/laravel/framework/src/Illuminate/Foundation/Http/Middleware/CheckForMaintenanceMode.php(46): Illuminate\Routing\Pipeline->Illuminate\Routing\{closure}(Object(Illuminate\Http\Request))
#38 /home/phat/SourceCode/october/vendor/laravel/framework/src/Illuminate/Pipeline/Pipeline.php(149): Illuminate\Foundation\Http\Middleware\CheckForMaintenanceMode->handle(Object(Illuminate\Http\Request), Object(Closure))
#39 /home/phat/SourceCode/october/vendor/laravel/framework/src/Illuminate/Routing/Pipeline.php(53): Illuminate\Pipeline\Pipeline->Illuminate\Pipeline\{closure}(Object(Illuminate\Http\Request))
#40 /home/phat/SourceCode/october/vendor/laravel/framework/src/Illuminate/Pipeline/Pipeline.php(102): Illuminate\Routing\Pipeline->Illuminate\Routing\{closure}(Object(Illuminate\Http\Request))
#41 /home/phat/SourceCode/october/vendor/laravel/framework/src/Illuminate/Foundation/Http/Kernel.php(151): Illuminate\Pipeline\Pipeline->then(Object(Closure))
#42 /home/phat/SourceCode/october/vendor/laravel/framework/src/Illuminate/Foundation/Http/Kernel.php(116): Illuminate\Foundation\Http\Kernel->sendRequestThroughRouter(Object(Illuminate\Http\Request))
#43 /home/phat/SourceCode/october/index.php(43): Illuminate\Foundation\Http\Kernel->handle(Object(Illuminate\Http\Request))
#44 {main}  
[2018-05-23 10:41:31] development.ERROR: October\Rain\Exception\SystemException: Class name is not registered for the component "staticPage". Check the component plugin. in /home/phat/SourceCode/october/modules/cms/classes/ComponentManager.php:200
Stack trace:
#0 /home/phat/SourceCode/october/modules/cms/classes/Controller.php(1226): Cms\Classes\ComponentManager->makeComponent('staticPage', Object(Cms5b05454a67316343245952_a4b341330f80b3085a0f3ff19f631175Class), Array)
#1 /home/phat/SourceCode/october/modules/cms/classes/Controller.php(550): Cms\Classes\Controller->addComponent('staticPage', 'staticPage', Array, true)
#2 /home/phat/SourceCode/october/modules/cms/classes/Controller.php(304): Cms\Classes\Controller->initComponents()
#3 /home/phat/SourceCode/october/modules/cms/classes/Controller.php(213): Cms\Classes\Controller->runPage(Object(Cms\Classes\Page))
#4 /home/phat/SourceCode/october/modules/cms/classes/CmsController.php(50): Cms\Classes\Controller->run('/')
#5 [internal function]: Cms\Classes\CmsController->run('/')
#6 /home/phat/SourceCode/october/vendor/laravel/framework/src/Illuminate/Routing/Controller.php(54): call_user_func_array(Array, Array)
#7 /home/phat/SourceCode/october/vendor/laravel/framework/src/Illuminate/Routing/ControllerDispatcher.php(45): Illuminate\Routing\Controller->callAction('run', Array)
#8 /home/phat/SourceCode/october/vendor/laravel/framework/src/Illuminate/Routing/Route.php(212): Illuminate\Routing\ControllerDispatcher->dispatch(Object(Illuminate\Routing\Route), Object(Cms\Classes\CmsController), 'run')
#9 /home/phat/SourceCode/october/vendor/laravel/framework/src/Illuminate/Routing/Route.php(169): Illuminate\Routing\Route->runController()
#10 /home/phat/SourceCode/october/vendor/laravel/framework/src/Illuminate/Routing/Router.php(658): Illuminate\Routing\Route->run()
#11 /home/phat/SourceCode/october/vendor/laravel/framework/src/Illuminate/Routing/Pipeline.php(30): Illuminate\Routing\Router->Illuminate\Routing\{closure}(Object(Illuminate\Http\Request))
#12 /home/phat/SourceCode/october/plugins/rainlab/translate/classes/LocaleMiddleware.php(29): Illuminate\Routing\Pipeline->Illuminate\Routing\{closure}(Object(Illuminate\Http\Request))
#13 /home/phat/SourceCode/october/vendor/laravel/framework/src/Illuminate/Pipeline/Pipeline.php(149): RainLab\Translate\Classes\LocaleMiddleware->handle(Object(Illuminate\Http\Request), Object(Closure))
#14 /home/phat/SourceCode/october/vendor/laravel/framework/src/Illuminate/Routing/Pipeline.php(53): Illuminate\Pipeline\Pipeline->Illuminate\Pipeline\{closure}(Object(Illuminate\Http\Request))
#15 /home/phat/SourceCode/october/vendor/laravel/framework/src/Illuminate/Routing/Middleware/SubstituteBindings.php(41): Illuminate\Routing\Pipeline->Illuminate\Routing\{closure}(Object(Illuminate\Http\Request))
#16 /home/phat/SourceCode/october/vendor/laravel/framework/src/Illuminate/Pipeline/Pipeline.php(149): Illuminate\Routing\Middleware\SubstituteBindings->handle(Object(Illuminate\Http\Request), Object(Closure))
#17 /home/phat/SourceCode/october/vendor/laravel/framework/src/Illuminate/Routing/Pipeline.php(53): Illuminate\Pipeline\Pipeline->Illuminate\Pipeline\{closure}(Object(Illuminate\Http\Request))
#18 /home/phat/SourceCode/october/vendor/laravel/framework/src/Illuminate/View/Middleware/ShareErrorsFromSession.php(49): Illuminate\Routing\Pipeline->Illuminate\Routing\{closure}(Object(Illuminate\Http\Request))
#19 /home/phat/SourceCode/october/vendor/laravel/framework/src/Illuminate/Pipeline/Pipeline.php(149): Illuminate\View\Middleware\ShareErrorsFromSession->handle(Object(Illuminate\Http\Request), Object(Closure))
#20 /home/phat/SourceCode/october/vendor/laravel/framework/src/Illuminate/Routing/Pipeline.php(53): Illuminate\Pipeline\Pipeline->Illuminate\Pipeline\{closure}(Object(Illuminate\Http\Request))
#21 /home/phat/SourceCode/october/vendor/laravel/framework/src/Illuminate/Session/Middleware/StartSession.php(63): Illuminate\Routing\Pipeline->Illuminate\Routing\{closure}(Object(Illuminate\Http\Request))
#22 /home/phat/SourceCode/october/vendor/laravel/framework/src/Illuminate/Pipeline/Pipeline.php(149): Illuminate\Session\Middleware\StartSession->handle(Object(Illuminate\Http\Request), Object(Closure))
#23 /home/phat/SourceCode/october/vendor/laravel/framework/src/Illuminate/Routing/Pipeline.php(53): Illuminate\Pipeline\Pipeline->Illuminate\Pipeline\{closure}(Object(Illuminate\Http\Request))
#24 /home/phat/SourceCode/october/vendor/laravel/framework/src/Illuminate/Cookie/Middleware/AddQueuedCookiesToResponse.php(37): Illuminate\Routing\Pipeline->Illuminate\Routing\{closure}(Object(Illuminate\Http\Request))
#25 /home/phat/SourceCode/october/vendor/laravel/framework/src/Illuminate/Pipeline/Pipeline.php(149): Illuminate\Cookie\Middleware\AddQueuedCookiesToResponse->handle(Object(Illuminate\Http\Request), Object(Closure))
#26 /home/phat/SourceCode/october/vendor/laravel/framework/src/Illuminate/Routing/Pipeline.php(53): Illuminate\Pipeline\Pipeline->Illuminate\Pipeline\{closure}(Object(Illuminate\Http\Request))
#27 /home/phat/SourceCode/october/vendor/laravel/framework/src/Illuminate/Cookie/Middleware/EncryptCookies.php(59): Illuminate\Routing\Pipeline->Illuminate\Routing\{closure}(Object(Illuminate\Http\Request))
#28 /home/phat/SourceCode/october/vendor/laravel/framework/src/Illuminate/Pipeline/Pipeline.php(149): Illuminate\Cookie\Middleware\EncryptCookies->handle(Object(Illuminate\Http\Request), Object(Closure))
#29 /home/phat/SourceCode/october/vendor/laravel/framework/src/Illuminate/Routing/Pipeline.php(53): Illuminate\Pipeline\Pipeline->Illuminate\Pipeline\{closure}(Object(Illuminate\Http\Request))
#30 /home/phat/SourceCode/october/vendor/laravel/framework/src/Illuminate/Pipeline/Pipeline.php(102): Illuminate\Routing\Pipeline->Illuminate\Routing\{closure}(Object(Illuminate\Http\Request))
#31 /home/phat/SourceCode/october/vendor/laravel/framework/src/Illuminate/Routing/Router.php(660): Illuminate\Pipeline\Pipeline->then(Object(Closure))
#32 /home/phat/SourceCode/october/vendor/laravel/framework/src/Illuminate/Routing/Router.php(635): Illuminate\Routing\Router->runRouteWithinStack(Object(Illuminate\Routing\Route), Object(Illuminate\Http\Request))
#33 /home/phat/SourceCode/october/vendor/laravel/framework/src/Illuminate/Routing/Router.php(601): Illuminate\Routing\Router->runRoute(Object(Illuminate\Http\Request), Object(Illuminate\Routing\Route))
#34 /home/phat/SourceCode/october/vendor/october/rain/src/Router/CoreRouter.php(20): Illuminate\Routing\Router->dispatchToRoute(Object(Illuminate\Http\Request))
#35 /home/phat/SourceCode/october/vendor/laravel/framework/src/Illuminate/Foundation/Http/Kernel.php(176): October\Rain\Router\CoreRouter->dispatch(Object(Illuminate\Http\Request))
#36 /home/phat/SourceCode/october/vendor/laravel/framework/src/Illuminate/Routing/Pipeline.php(30): Illuminate\Foundation\Http\Kernel->Illuminate\Foundation\Http\{closure}(Object(Illuminate\Http\Request))
#37 /home/phat/SourceCode/october/vendor/laravel/framework/src/Illuminate/Foundation/Http/Middleware/CheckForMaintenanceMode.php(46): Illuminate\Routing\Pipeline->Illuminate\Routing\{closure}(Object(Illuminate\Http\Request))
#38 /home/phat/SourceCode/october/vendor/laravel/framework/src/Illuminate/Pipeline/Pipeline.php(149): Illuminate\Foundation\Http\Middleware\CheckForMaintenanceMode->handle(Object(Illuminate\Http\Request), Object(Closure))
#39 /home/phat/SourceCode/october/vendor/laravel/framework/src/Illuminate/Routing/Pipeline.php(53): Illuminate\Pipeline\Pipeline->Illuminate\Pipeline\{closure}(Object(Illuminate\Http\Request))
#40 /home/phat/SourceCode/october/vendor/laravel/framework/src/Illuminate/Pipeline/Pipeline.php(102): Illuminate\Routing\Pipeline->Illuminate\Routing\{closure}(Object(Illuminate\Http\Request))
#41 /home/phat/SourceCode/october/vendor/laravel/framework/src/Illuminate/Foundation/Http/Kernel.php(151): Illuminate\Pipeline\Pipeline->then(Object(Closure))
#42 /home/phat/SourceCode/october/vendor/laravel/framework/src/Illuminate/Foundation/Http/Kernel.php(116): Illuminate\Foundation\Http\Kernel->sendRequestThroughRouter(Object(Illuminate\Http\Request))
#43 /home/phat/SourceCode/october/index.php(43): Illuminate\Foundation\Http\Kernel->handle(Object(Illuminate\Http\Request))
#44 {main}  
[2018-05-23 10:41:47] development.ERROR: October\Rain\Exception\SystemException: Class name is not registered for the component "staticPage". Check the component plugin. in /home/phat/SourceCode/october/modules/cms/classes/ComponentManager.php:200
Stack trace:
#0 /home/phat/SourceCode/october/modules/cms/classes/Controller.php(1226): Cms\Classes\ComponentManager->makeComponent('staticPage', Object(Cms5b05454a67316343245952_a4b341330f80b3085a0f3ff19f631175Class), Array)
#1 /home/phat/SourceCode/october/modules/cms/classes/Controller.php(550): Cms\Classes\Controller->addComponent('staticPage', 'staticPage', Array, true)
#2 /home/phat/SourceCode/october/modules/cms/classes/Controller.php(304): Cms\Classes\Controller->initComponents()
#3 /home/phat/SourceCode/october/modules/cms/classes/Controller.php(213): Cms\Classes\Controller->runPage(Object(Cms\Classes\Page))
#4 /home/phat/SourceCode/october/modules/cms/classes/CmsController.php(50): Cms\Classes\Controller->run('/')
#5 [internal function]: Cms\Classes\CmsController->run('/')
#6 /home/phat/SourceCode/october/vendor/laravel/framework/src/Illuminate/Routing/Controller.php(54): call_user_func_array(Array, Array)
#7 /home/phat/SourceCode/october/vendor/laravel/framework/src/Illuminate/Routing/ControllerDispatcher.php(45): Illuminate\Routing\Controller->callAction('run', Array)
#8 /home/phat/SourceCode/october/vendor/laravel/framework/src/Illuminate/Routing/Route.php(212): Illuminate\Routing\ControllerDispatcher->dispatch(Object(Illuminate\Routing\Route), Object(Cms\Classes\CmsController), 'run')
#9 /home/phat/SourceCode/october/vendor/laravel/framework/src/Illuminate/Routing/Route.php(169): Illuminate\Routing\Route->runController()
#10 /home/phat/SourceCode/october/vendor/laravel/framework/src/Illuminate/Routing/Router.php(658): Illuminate\Routing\Route->run()
#11 /home/phat/SourceCode/october/vendor/laravel/framework/src/Illuminate/Routing/Pipeline.php(30): Illuminate\Routing\Router->Illuminate\Routing\{closure}(Object(Illuminate\Http\Request))
#12 /home/phat/SourceCode/october/plugins/rainlab/translate/classes/LocaleMiddleware.php(29): Illuminate\Routing\Pipeline->Illuminate\Routing\{closure}(Object(Illuminate\Http\Request))
#13 /home/phat/SourceCode/october/vendor/laravel/framework/src/Illuminate/Pipeline/Pipeline.php(149): RainLab\Translate\Classes\LocaleMiddleware->handle(Object(Illuminate\Http\Request), Object(Closure))
#14 /home/phat/SourceCode/october/vendor/laravel/framework/src/Illuminate/Routing/Pipeline.php(53): Illuminate\Pipeline\Pipeline->Illuminate\Pipeline\{closure}(Object(Illuminate\Http\Request))
#15 /home/phat/SourceCode/october/vendor/laravel/framework/src/Illuminate/Routing/Middleware/SubstituteBindings.php(41): Illuminate\Routing\Pipeline->Illuminate\Routing\{closure}(Object(Illuminate\Http\Request))
#16 /home/phat/SourceCode/october/vendor/laravel/framework/src/Illuminate/Pipeline/Pipeline.php(149): Illuminate\Routing\Middleware\SubstituteBindings->handle(Object(Illuminate\Http\Request), Object(Closure))
#17 /home/phat/SourceCode/october/vendor/laravel/framework/src/Illuminate/Routing/Pipeline.php(53): Illuminate\Pipeline\Pipeline->Illuminate\Pipeline\{closure}(Object(Illuminate\Http\Request))
#18 /home/phat/SourceCode/october/vendor/laravel/framework/src/Illuminate/View/Middleware/ShareErrorsFromSession.php(49): Illuminate\Routing\Pipeline->Illuminate\Routing\{closure}(Object(Illuminate\Http\Request))
#19 /home/phat/SourceCode/october/vendor/laravel/framework/src/Illuminate/Pipeline/Pipeline.php(149): Illuminate\View\Middleware\ShareErrorsFromSession->handle(Object(Illuminate\Http\Request), Object(Closure))
#20 /home/phat/SourceCode/october/vendor/laravel/framework/src/Illuminate/Routing/Pipeline.php(53): Illuminate\Pipeline\Pipeline->Illuminate\Pipeline\{closure}(Object(Illuminate\Http\Request))
#21 /home/phat/SourceCode/october/vendor/laravel/framework/src/Illuminate/Session/Middleware/StartSession.php(63): Illuminate\Routing\Pipeline->Illuminate\Routing\{closure}(Object(Illuminate\Http\Request))
#22 /home/phat/SourceCode/october/vendor/laravel/framework/src/Illuminate/Pipeline/Pipeline.php(149): Illuminate\Session\Middleware\StartSession->handle(Object(Illuminate\Http\Request), Object(Closure))
#23 /home/phat/SourceCode/october/vendor/laravel/framework/src/Illuminate/Routing/Pipeline.php(53): Illuminate\Pipeline\Pipeline->Illuminate\Pipeline\{closure}(Object(Illuminate\Http\Request))
#24 /home/phat/SourceCode/october/vendor/laravel/framework/src/Illuminate/Cookie/Middleware/AddQueuedCookiesToResponse.php(37): Illuminate\Routing\Pipeline->Illuminate\Routing\{closure}(Object(Illuminate\Http\Request))
#25 /home/phat/SourceCode/october/vendor/laravel/framework/src/Illuminate/Pipeline/Pipeline.php(149): Illuminate\Cookie\Middleware\AddQueuedCookiesToResponse->handle(Object(Illuminate\Http\Request), Object(Closure))
#26 /home/phat/SourceCode/october/vendor/laravel/framework/src/Illuminate/Routing/Pipeline.php(53): Illuminate\Pipeline\Pipeline->Illuminate\Pipeline\{closure}(Object(Illuminate\Http\Request))
#27 /home/phat/SourceCode/october/vendor/laravel/framework/src/Illuminate/Cookie/Middleware/EncryptCookies.php(59): Illuminate\Routing\Pipeline->Illuminate\Routing\{closure}(Object(Illuminate\Http\Request))
#28 /home/phat/SourceCode/october/vendor/laravel/framework/src/Illuminate/Pipeline/Pipeline.php(149): Illuminate\Cookie\Middleware\EncryptCookies->handle(Object(Illuminate\Http\Request), Object(Closure))
#29 /home/phat/SourceCode/october/vendor/laravel/framework/src/Illuminate/Routing/Pipeline.php(53): Illuminate\Pipeline\Pipeline->Illuminate\Pipeline\{closure}(Object(Illuminate\Http\Request))
#30 /home/phat/SourceCode/october/vendor/laravel/framework/src/Illuminate/Pipeline/Pipeline.php(102): Illuminate\Routing\Pipeline->Illuminate\Routing\{closure}(Object(Illuminate\Http\Request))
#31 /home/phat/SourceCode/october/vendor/laravel/framework/src/Illuminate/Routing/Router.php(660): Illuminate\Pipeline\Pipeline->then(Object(Closure))
#32 /home/phat/SourceCode/october/vendor/laravel/framework/src/Illuminate/Routing/Router.php(635): Illuminate\Routing\Router->runRouteWithinStack(Object(Illuminate\Routing\Route), Object(Illuminate\Http\Request))
#33 /home/phat/SourceCode/october/vendor/laravel/framework/src/Illuminate/Routing/Router.php(601): Illuminate\Routing\Router->runRoute(Object(Illuminate\Http\Request), Object(Illuminate\Routing\Route))
#34 /home/phat/SourceCode/october/vendor/october/rain/src/Router/CoreRouter.php(20): Illuminate\Routing\Router->dispatchToRoute(Object(Illuminate\Http\Request))
#35 /home/phat/SourceCode/october/vendor/laravel/framework/src/Illuminate/Foundation/Http/Kernel.php(176): October\Rain\Router\CoreRouter->dispatch(Object(Illuminate\Http\Request))
#36 /home/phat/SourceCode/october/vendor/laravel/framework/src/Illuminate/Routing/Pipeline.php(30): Illuminate\Foundation\Http\Kernel->Illuminate\Foundation\Http\{closure}(Object(Illuminate\Http\Request))
#37 /home/phat/SourceCode/october/vendor/laravel/framework/src/Illuminate/Foundation/Http/Middleware/CheckForMaintenanceMode.php(46): Illuminate\Routing\Pipeline->Illuminate\Routing\{closure}(Object(Illuminate\Http\Request))
#38 /home/phat/SourceCode/october/vendor/laravel/framework/src/Illuminate/Pipeline/Pipeline.php(149): Illuminate\Foundation\Http\Middleware\CheckForMaintenanceMode->handle(Object(Illuminate\Http\Request), Object(Closure))
#39 /home/phat/SourceCode/october/vendor/laravel/framework/src/Illuminate/Routing/Pipeline.php(53): Illuminate\Pipeline\Pipeline->Illuminate\Pipeline\{closure}(Object(Illuminate\Http\Request))
#40 /home/phat/SourceCode/october/vendor/laravel/framework/src/Illuminate/Pipeline/Pipeline.php(102): Illuminate\Routing\Pipeline->Illuminate\Routing\{closure}(Object(Illuminate\Http\Request))
#41 /home/phat/SourceCode/october/vendor/laravel/framework/src/Illuminate/Foundation/Http/Kernel.php(151): Illuminate\Pipeline\Pipeline->then(Object(Closure))
#42 /home/phat/SourceCode/october/vendor/laravel/framework/src/Illuminate/Foundation/Http/Kernel.php(116): Illuminate\Foundation\Http\Kernel->sendRequestThroughRouter(Object(Illuminate\Http\Request))
#43 /home/phat/SourceCode/october/index.php(43): Illuminate\Foundation\Http\Kernel->handle(Object(Illuminate\Http\Request))
#44 {main}  
[2018-05-23 10:42:03] development.ERROR: October\Rain\Exception\SystemException: Class name is not registered for the component "staticPage". Check the component plugin. in /home/phat/SourceCode/october/modules/cms/classes/ComponentManager.php:200
Stack trace:
#0 /home/phat/SourceCode/october/modules/cms/classes/Controller.php(1226): Cms\Classes\ComponentManager->makeComponent('staticPage', Object(Cms5b05454a67316343245952_a4b341330f80b3085a0f3ff19f631175Class), Array)
#1 /home/phat/SourceCode/october/modules/cms/classes/Controller.php(550): Cms\Classes\Controller->addComponent('staticPage', 'staticPage', Array, true)
#2 /home/phat/SourceCode/october/modules/cms/classes/Controller.php(304): Cms\Classes\Controller->initComponents()
#3 /home/phat/SourceCode/october/modules/cms/classes/Controller.php(213): Cms\Classes\Controller->runPage(Object(Cms\Classes\Page))
#4 /home/phat/SourceCode/october/modules/cms/classes/CmsController.php(50): Cms\Classes\Controller->run('/')
#5 [internal function]: Cms\Classes\CmsController->run('/')
#6 /home/phat/SourceCode/october/vendor/laravel/framework/src/Illuminate/Routing/Controller.php(54): call_user_func_array(Array, Array)
#7 /home/phat/SourceCode/october/vendor/laravel/framework/src/Illuminate/Routing/ControllerDispatcher.php(45): Illuminate\Routing\Controller->callAction('run', Array)
#8 /home/phat/SourceCode/october/vendor/laravel/framework/src/Illuminate/Routing/Route.php(212): Illuminate\Routing\ControllerDispatcher->dispatch(Object(Illuminate\Routing\Route), Object(Cms\Classes\CmsController), 'run')
#9 /home/phat/SourceCode/october/vendor/laravel/framework/src/Illuminate/Routing/Route.php(169): Illuminate\Routing\Route->runController()
#10 /home/phat/SourceCode/october/vendor/laravel/framework/src/Illuminate/Routing/Router.php(658): Illuminate\Routing\Route->run()
#11 /home/phat/SourceCode/october/vendor/laravel/framework/src/Illuminate/Routing/Pipeline.php(30): Illuminate\Routing\Router->Illuminate\Routing\{closure}(Object(Illuminate\Http\Request))
#12 /home/phat/SourceCode/october/plugins/rainlab/translate/classes/LocaleMiddleware.php(29): Illuminate\Routing\Pipeline->Illuminate\Routing\{closure}(Object(Illuminate\Http\Request))
#13 /home/phat/SourceCode/october/vendor/laravel/framework/src/Illuminate/Pipeline/Pipeline.php(149): RainLab\Translate\Classes\LocaleMiddleware->handle(Object(Illuminate\Http\Request), Object(Closure))
#14 /home/phat/SourceCode/october/vendor/laravel/framework/src/Illuminate/Routing/Pipeline.php(53): Illuminate\Pipeline\Pipeline->Illuminate\Pipeline\{closure}(Object(Illuminate\Http\Request))
#15 /home/phat/SourceCode/october/vendor/laravel/framework/src/Illuminate/Routing/Middleware/SubstituteBindings.php(41): Illuminate\Routing\Pipeline->Illuminate\Routing\{closure}(Object(Illuminate\Http\Request))
#16 /home/phat/SourceCode/october/vendor/laravel/framework/src/Illuminate/Pipeline/Pipeline.php(149): Illuminate\Routing\Middleware\SubstituteBindings->handle(Object(Illuminate\Http\Request), Object(Closure))
#17 /home/phat/SourceCode/october/vendor/laravel/framework/src/Illuminate/Routing/Pipeline.php(53): Illuminate\Pipeline\Pipeline->Illuminate\Pipeline\{closure}(Object(Illuminate\Http\Request))
#18 /home/phat/SourceCode/october/vendor/laravel/framework/src/Illuminate/View/Middleware/ShareErrorsFromSession.php(49): Illuminate\Routing\Pipeline->Illuminate\Routing\{closure}(Object(Illuminate\Http\Request))
#19 /home/phat/SourceCode/october/vendor/laravel/framework/src/Illuminate/Pipeline/Pipeline.php(149): Illuminate\View\Middleware\ShareErrorsFromSession->handle(Object(Illuminate\Http\Request), Object(Closure))
#20 /home/phat/SourceCode/october/vendor/laravel/framework/src/Illuminate/Routing/Pipeline.php(53): Illuminate\Pipeline\Pipeline->Illuminate\Pipeline\{closure}(Object(Illuminate\Http\Request))
#21 /home/phat/SourceCode/october/vendor/laravel/framework/src/Illuminate/Session/Middleware/StartSession.php(63): Illuminate\Routing\Pipeline->Illuminate\Routing\{closure}(Object(Illuminate\Http\Request))
#22 /home/phat/SourceCode/october/vendor/laravel/framework/src/Illuminate/Pipeline/Pipeline.php(149): Illuminate\Session\Middleware\StartSession->handle(Object(Illuminate\Http\Request), Object(Closure))
#23 /home/phat/SourceCode/october/vendor/laravel/framework/src/Illuminate/Routing/Pipeline.php(53): Illuminate\Pipeline\Pipeline->Illuminate\Pipeline\{closure}(Object(Illuminate\Http\Request))
#24 /home/phat/SourceCode/october/vendor/laravel/framework/src/Illuminate/Cookie/Middleware/AddQueuedCookiesToResponse.php(37): Illuminate\Routing\Pipeline->Illuminate\Routing\{closure}(Object(Illuminate\Http\Request))
#25 /home/phat/SourceCode/october/vendor/laravel/framework/src/Illuminate/Pipeline/Pipeline.php(149): Illuminate\Cookie\Middleware\AddQueuedCookiesToResponse->handle(Object(Illuminate\Http\Request), Object(Closure))
#26 /home/phat/SourceCode/october/vendor/laravel/framework/src/Illuminate/Routing/Pipeline.php(53): Illuminate\Pipeline\Pipeline->Illuminate\Pipeline\{closure}(Object(Illuminate\Http\Request))
#27 /home/phat/SourceCode/october/vendor/laravel/framework/src/Illuminate/Cookie/Middleware/EncryptCookies.php(59): Illuminate\Routing\Pipeline->Illuminate\Routing\{closure}(Object(Illuminate\Http\Request))
#28 /home/phat/SourceCode/october/vendor/laravel/framework/src/Illuminate/Pipeline/Pipeline.php(149): Illuminate\Cookie\Middleware\EncryptCookies->handle(Object(Illuminate\Http\Request), Object(Closure))
#29 /home/phat/SourceCode/october/vendor/laravel/framework/src/Illuminate/Routing/Pipeline.php(53): Illuminate\Pipeline\Pipeline->Illuminate\Pipeline\{closure}(Object(Illuminate\Http\Request))
#30 /home/phat/SourceCode/october/vendor/laravel/framework/src/Illuminate/Pipeline/Pipeline.php(102): Illuminate\Routing\Pipeline->Illuminate\Routing\{closure}(Object(Illuminate\Http\Request))
#31 /home/phat/SourceCode/october/vendor/laravel/framework/src/Illuminate/Routing/Router.php(660): Illuminate\Pipeline\Pipeline->then(Object(Closure))
#32 /home/phat/SourceCode/october/vendor/laravel/framework/src/Illuminate/Routing/Router.php(635): Illuminate\Routing\Router->runRouteWithinStack(Object(Illuminate\Routing\Route), Object(Illuminate\Http\Request))
#33 /home/phat/SourceCode/october/vendor/laravel/framework/src/Illuminate/Routing/Router.php(601): Illuminate\Routing\Router->runRoute(Object(Illuminate\Http\Request), Object(Illuminate\Routing\Route))
#34 /home/phat/SourceCode/october/vendor/october/rain/src/Router/CoreRouter.php(20): Illuminate\Routing\Router->dispatchToRoute(Object(Illuminate\Http\Request))
#35 /home/phat/SourceCode/october/vendor/laravel/framework/src/Illuminate/Foundation/Http/Kernel.php(176): October\Rain\Router\CoreRouter->dispatch(Object(Illuminate\Http\Request))
#36 /home/phat/SourceCode/october/vendor/laravel/framework/src/Illuminate/Routing/Pipeline.php(30): Illuminate\Foundation\Http\Kernel->Illuminate\Foundation\Http\{closure}(Object(Illuminate\Http\Request))
#37 /home/phat/SourceCode/october/vendor/laravel/framework/src/Illuminate/Foundation/Http/Middleware/CheckForMaintenanceMode.php(46): Illuminate\Routing\Pipeline->Illuminate\Routing\{closure}(Object(Illuminate\Http\Request))
#38 /home/phat/SourceCode/october/vendor/laravel/framework/src/Illuminate/Pipeline/Pipeline.php(149): Illuminate\Foundation\Http\Middleware\CheckForMaintenanceMode->handle(Object(Illuminate\Http\Request), Object(Closure))
#39 /home/phat/SourceCode/october/vendor/laravel/framework/src/Illuminate/Routing/Pipeline.php(53): Illuminate\Pipeline\Pipeline->Illuminate\Pipeline\{closure}(Object(Illuminate\Http\Request))
#40 /home/phat/SourceCode/october/vendor/laravel/framework/src/Illuminate/Pipeline/Pipeline.php(102): Illuminate\Routing\Pipeline->Illuminate\Routing\{closure}(Object(Illuminate\Http\Request))
#41 /home/phat/SourceCode/october/vendor/laravel/framework/src/Illuminate/Foundation/Http/Kernel.php(151): Illuminate\Pipeline\Pipeline->then(Object(Closure))
#42 /home/phat/SourceCode/october/vendor/laravel/framework/src/Illuminate/Foundation/Http/Kernel.php(116): Illuminate\Foundation\Http\Kernel->sendRequestThroughRouter(Object(Illuminate\Http\Request))
#43 /home/phat/SourceCode/october/index.php(43): Illuminate\Foundation\Http\Kernel->handle(Object(Illuminate\Http\Request))
#44 {main}  
[2018-05-24 09:19:18] development.ERROR: October\Rain\Exception\SystemException: Class name is not registered for the component "staticPage". Check the component plugin. in /home/phat/SourceCode/october/modules/cms/classes/ComponentManager.php:200
Stack trace:
#0 /home/phat/SourceCode/october/modules/cms/classes/Controller.php(1226): Cms\Classes\ComponentManager->makeComponent('staticPage', Object(Cms5b05454a67316343245952_a4b341330f80b3085a0f3ff19f631175Class), Array)
#1 /home/phat/SourceCode/october/modules/cms/classes/Controller.php(550): Cms\Classes\Controller->addComponent('staticPage', 'staticPage', Array, true)
#2 /home/phat/SourceCode/october/modules/cms/classes/Controller.php(304): Cms\Classes\Controller->initComponents()
#3 /home/phat/SourceCode/october/modules/cms/classes/Controller.php(213): Cms\Classes\Controller->runPage(Object(Cms\Classes\Page))
#4 /home/phat/SourceCode/october/modules/cms/classes/CmsController.php(50): Cms\Classes\Controller->run('/')
#5 [internal function]: Cms\Classes\CmsController->run('/')
#6 /home/phat/SourceCode/october/vendor/laravel/framework/src/Illuminate/Routing/Controller.php(54): call_user_func_array(Array, Array)
#7 /home/phat/SourceCode/october/vendor/laravel/framework/src/Illuminate/Routing/ControllerDispatcher.php(45): Illuminate\Routing\Controller->callAction('run', Array)
#8 /home/phat/SourceCode/october/vendor/laravel/framework/src/Illuminate/Routing/Route.php(212): Illuminate\Routing\ControllerDispatcher->dispatch(Object(Illuminate\Routing\Route), Object(Cms\Classes\CmsController), 'run')
#9 /home/phat/SourceCode/october/vendor/laravel/framework/src/Illuminate/Routing/Route.php(169): Illuminate\Routing\Route->runController()
#10 /home/phat/SourceCode/october/vendor/laravel/framework/src/Illuminate/Routing/Router.php(658): Illuminate\Routing\Route->run()
#11 /home/phat/SourceCode/october/vendor/laravel/framework/src/Illuminate/Routing/Pipeline.php(30): Illuminate\Routing\Router->Illuminate\Routing\{closure}(Object(Illuminate\Http\Request))
#12 /home/phat/SourceCode/october/plugins/rainlab/translate/classes/LocaleMiddleware.php(29): Illuminate\Routing\Pipeline->Illuminate\Routing\{closure}(Object(Illuminate\Http\Request))
#13 /home/phat/SourceCode/october/vendor/laravel/framework/src/Illuminate/Pipeline/Pipeline.php(149): RainLab\Translate\Classes\LocaleMiddleware->handle(Object(Illuminate\Http\Request), Object(Closure))
#14 /home/phat/SourceCode/october/vendor/laravel/framework/src/Illuminate/Routing/Pipeline.php(53): Illuminate\Pipeline\Pipeline->Illuminate\Pipeline\{closure}(Object(Illuminate\Http\Request))
#15 /home/phat/SourceCode/october/vendor/laravel/framework/src/Illuminate/Routing/Middleware/SubstituteBindings.php(41): Illuminate\Routing\Pipeline->Illuminate\Routing\{closure}(Object(Illuminate\Http\Request))
#16 /home/phat/SourceCode/october/vendor/laravel/framework/src/Illuminate/Pipeline/Pipeline.php(149): Illuminate\Routing\Middleware\SubstituteBindings->handle(Object(Illuminate\Http\Request), Object(Closure))
#17 /home/phat/SourceCode/october/vendor/laravel/framework/src/Illuminate/Routing/Pipeline.php(53): Illuminate\Pipeline\Pipeline->Illuminate\Pipeline\{closure}(Object(Illuminate\Http\Request))
#18 /home/phat/SourceCode/october/vendor/laravel/framework/src/Illuminate/View/Middleware/ShareErrorsFromSession.php(49): Illuminate\Routing\Pipeline->Illuminate\Routing\{closure}(Object(Illuminate\Http\Request))
#19 /home/phat/SourceCode/october/vendor/laravel/framework/src/Illuminate/Pipeline/Pipeline.php(149): Illuminate\View\Middleware\ShareErrorsFromSession->handle(Object(Illuminate\Http\Request), Object(Closure))
#20 /home/phat/SourceCode/october/vendor/laravel/framework/src/Illuminate/Routing/Pipeline.php(53): Illuminate\Pipeline\Pipeline->Illuminate\Pipeline\{closure}(Object(Illuminate\Http\Request))
#21 /home/phat/SourceCode/october/vendor/laravel/framework/src/Illuminate/Session/Middleware/StartSession.php(63): Illuminate\Routing\Pipeline->Illuminate\Routing\{closure}(Object(Illuminate\Http\Request))
#22 /home/phat/SourceCode/october/vendor/laravel/framework/src/Illuminate/Pipeline/Pipeline.php(149): Illuminate\Session\Middleware\StartSession->handle(Object(Illuminate\Http\Request), Object(Closure))
#23 /home/phat/SourceCode/october/vendor/laravel/framework/src/Illuminate/Routing/Pipeline.php(53): Illuminate\Pipeline\Pipeline->Illuminate\Pipeline\{closure}(Object(Illuminate\Http\Request))
#24 /home/phat/SourceCode/october/vendor/laravel/framework/src/Illuminate/Cookie/Middleware/AddQueuedCookiesToResponse.php(37): Illuminate\Routing\Pipeline->Illuminate\Routing\{closure}(Object(Illuminate\Http\Request))
#25 /home/phat/SourceCode/october/vendor/laravel/framework/src/Illuminate/Pipeline/Pipeline.php(149): Illuminate\Cookie\Middleware\AddQueuedCookiesToResponse->handle(Object(Illuminate\Http\Request), Object(Closure))
#26 /home/phat/SourceCode/october/vendor/laravel/framework/src/Illuminate/Routing/Pipeline.php(53): Illuminate\Pipeline\Pipeline->Illuminate\Pipeline\{closure}(Object(Illuminate\Http\Request))
#27 /home/phat/SourceCode/october/vendor/laravel/framework/src/Illuminate/Cookie/Middleware/EncryptCookies.php(59): Illuminate\Routing\Pipeline->Illuminate\Routing\{closure}(Object(Illuminate\Http\Request))
#28 /home/phat/SourceCode/october/vendor/laravel/framework/src/Illuminate/Pipeline/Pipeline.php(149): Illuminate\Cookie\Middleware\EncryptCookies->handle(Object(Illuminate\Http\Request), Object(Closure))
#29 /home/phat/SourceCode/october/vendor/laravel/framework/src/Illuminate/Routing/Pipeline.php(53): Illuminate\Pipeline\Pipeline->Illuminate\Pipeline\{closure}(Object(Illuminate\Http\Request))
#30 /home/phat/SourceCode/october/vendor/laravel/framework/src/Illuminate/Pipeline/Pipeline.php(102): Illuminate\Routing\Pipeline->Illuminate\Routing\{closure}(Object(Illuminate\Http\Request))
#31 /home/phat/SourceCode/october/vendor/laravel/framework/src/Illuminate/Routing/Router.php(660): Illuminate\Pipeline\Pipeline->then(Object(Closure))
#32 /home/phat/SourceCode/october/vendor/laravel/framework/src/Illuminate/Routing/Router.php(635): Illuminate\Routing\Router->runRouteWithinStack(Object(Illuminate\Routing\Route), Object(Illuminate\Http\Request))
#33 /home/phat/SourceCode/october/vendor/laravel/framework/src/Illuminate/Routing/Router.php(601): Illuminate\Routing\Router->runRoute(Object(Illuminate\Http\Request), Object(Illuminate\Routing\Route))
#34 /home/phat/SourceCode/october/vendor/october/rain/src/Router/CoreRouter.php(20): Illuminate\Routing\Router->dispatchToRoute(Object(Illuminate\Http\Request))
#35 /home/phat/SourceCode/october/vendor/laravel/framework/src/Illuminate/Foundation/Http/Kernel.php(176): October\Rain\Router\CoreRouter->dispatch(Object(Illuminate\Http\Request))
#36 /home/phat/SourceCode/october/vendor/laravel/framework/src/Illuminate/Routing/Pipeline.php(30): Illuminate\Foundation\Http\Kernel->Illuminate\Foundation\Http\{closure}(Object(Illuminate\Http\Request))
#37 /home/phat/SourceCode/october/vendor/laravel/framework/src/Illuminate/Foundation/Http/Middleware/CheckForMaintenanceMode.php(46): Illuminate\Routing\Pipeline->Illuminate\Routing\{closure}(Object(Illuminate\Http\Request))
#38 /home/phat/SourceCode/october/vendor/laravel/framework/src/Illuminate/Pipeline/Pipeline.php(149): Illuminate\Foundation\Http\Middleware\CheckForMaintenanceMode->handle(Object(Illuminate\Http\Request), Object(Closure))
#39 /home/phat/SourceCode/october/vendor/laravel/framework/src/Illuminate/Routing/Pipeline.php(53): Illuminate\Pipeline\Pipeline->Illuminate\Pipeline\{closure}(Object(Illuminate\Http\Request))
#40 /home/phat/SourceCode/october/vendor/laravel/framework/src/Illuminate/Pipeline/Pipeline.php(102): Illuminate\Routing\Pipeline->Illuminate\Routing\{closure}(Object(Illuminate\Http\Request))
#41 /home/phat/SourceCode/october/vendor/laravel/framework/src/Illuminate/Foundation/Http/Kernel.php(151): Illuminate\Pipeline\Pipeline->then(Object(Closure))
#42 /home/phat/SourceCode/october/vendor/laravel/framework/src/Illuminate/Foundation/Http/Kernel.php(116): Illuminate\Foundation\Http\Kernel->sendRequestThroughRouter(Object(Illuminate\Http\Request))
#43 /home/phat/SourceCode/october/index.php(43): Illuminate\Foundation\Http\Kernel->handle(Object(Illuminate\Http\Request))
#44 {main}  
[2018-05-24 10:12:45] development.ERROR: RuntimeException: The source file "/home/phat/SourceCode/october/themes/david-batata-bootstrap-4/https://maxcdn.bootstrapcdn.com/bootstrap/4.0.0/css/bootstrap.min.css" does not exist. in /home/phat/SourceCode/october/vendor/kriswallsmith/assetic/src/Assetic/Asset/FileAsset.php:73
Stack trace:
#0 /home/phat/SourceCode/october/vendor/kriswallsmith/assetic/src/Assetic/Asset/AssetCache.php(112): Assetic\Asset\FileAsset->getLastModified()
#1 /home/phat/SourceCode/october/vendor/kriswallsmith/assetic/src/Assetic/Factory/AssetFactory.php(255): Assetic\Asset\AssetCache->getLastModified()
#2 /home/phat/SourceCode/october/modules/system/classes/CombineAssets.php(369): Assetic\Factory\AssetFactory->getLastModified(Object(Assetic\Asset\AssetCollection))
#3 /home/phat/SourceCode/october/modules/system/classes/CombineAssets.php(182): System\Classes\CombineAssets->prepareRequest(Array, '/home/phat/Sour...')
#4 /home/phat/SourceCode/october/modules/cms/classes/Controller.php(1185): System\Classes\CombineAssets::combine(Array, '/home/phat/Sour...')
#5 /home/phat/SourceCode/october/modules/cms/twig/Extension.php(176): Cms\Classes\Controller->themeUrl(Array)
#6 /home/phat/SourceCode/october/storage/cms/twig/a1/a146fffef8fcce5ff51d1580214dbf3e8a3a44a713e89ccf678f4b4eb278a4ea.php(28): Cms\Twig\Extension->themeFilter(Array)
#7 /home/phat/SourceCode/october/vendor/twig/twig/lib/Twig/Template.php(389): __TwigTemplate_95dce4388c82592cc9bca414c6ab0b806f4ea3ff1d08428ea25f2aa415eb2288->doDisplay(Array, Array)
#8 /home/phat/SourceCode/october/vendor/twig/twig/lib/Twig/Template.php(366): Twig_Template->displayWithErrorHandling(Array, Array)
#9 /home/phat/SourceCode/october/vendor/twig/twig/lib/Twig/Template.php(374): Twig_Template->display(Array)
#10 /home/phat/SourceCode/october/modules/cms/classes/Controller.php(377): Twig_Template->render(Array)
#11 /home/phat/SourceCode/october/modules/cms/classes/Controller.php(213): Cms\Classes\Controller->runPage(Object(Cms\Classes\Page))
#12 /home/phat/SourceCode/october/modules/cms/classes/CmsController.php(50): Cms\Classes\Controller->run('home')
#13 [internal function]: Cms\Classes\CmsController->run('home')
#14 /home/phat/SourceCode/october/vendor/laravel/framework/src/Illuminate/Routing/Controller.php(54): call_user_func_array(Array, Array)
#15 /home/phat/SourceCode/october/vendor/laravel/framework/src/Illuminate/Routing/ControllerDispatcher.php(45): Illuminate\Routing\Controller->callAction('run', Array)
#16 /home/phat/SourceCode/october/vendor/laravel/framework/src/Illuminate/Routing/Route.php(212): Illuminate\Routing\ControllerDispatcher->dispatch(Object(Illuminate\Routing\Route), Object(Cms\Classes\CmsController), 'run')
#17 /home/phat/SourceCode/october/vendor/laravel/framework/src/Illuminate/Routing/Route.php(169): Illuminate\Routing\Route->runController()
#18 /home/phat/SourceCode/october/vendor/laravel/framework/src/Illuminate/Routing/Router.php(658): Illuminate\Routing\Route->run()
#19 /home/phat/SourceCode/october/vendor/laravel/framework/src/Illuminate/Routing/Pipeline.php(30): Illuminate\Routing\Router->Illuminate\Routing\{closure}(Object(Illuminate\Http\Request))
#20 /home/phat/SourceCode/october/plugins/rainlab/translate/classes/LocaleMiddleware.php(29): Illuminate\Routing\Pipeline->Illuminate\Routing\{closure}(Object(Illuminate\Http\Request))
#21 /home/phat/SourceCode/october/vendor/laravel/framework/src/Illuminate/Pipeline/Pipeline.php(149): RainLab\Translate\Classes\LocaleMiddleware->handle(Object(Illuminate\Http\Request), Object(Closure))
#22 /home/phat/SourceCode/october/vendor/laravel/framework/src/Illuminate/Routing/Pipeline.php(53): Illuminate\Pipeline\Pipeline->Illuminate\Pipeline\{closure}(Object(Illuminate\Http\Request))
#23 /home/phat/SourceCode/october/vendor/laravel/framework/src/Illuminate/Routing/Middleware/SubstituteBindings.php(41): Illuminate\Routing\Pipeline->Illuminate\Routing\{closure}(Object(Illuminate\Http\Request))
#24 /home/phat/SourceCode/october/vendor/laravel/framework/src/Illuminate/Pipeline/Pipeline.php(149): Illuminate\Routing\Middleware\SubstituteBindings->handle(Object(Illuminate\Http\Request), Object(Closure))
#25 /home/phat/SourceCode/october/vendor/laravel/framework/src/Illuminate/Routing/Pipeline.php(53): Illuminate\Pipeline\Pipeline->Illuminate\Pipeline\{closure}(Object(Illuminate\Http\Request))
#26 /home/phat/SourceCode/october/vendor/laravel/framework/src/Illuminate/View/Middleware/ShareErrorsFromSession.php(49): Illuminate\Routing\Pipeline->Illuminate\Routing\{closure}(Object(Illuminate\Http\Request))
#27 /home/phat/SourceCode/october/vendor/laravel/framework/src/Illuminate/Pipeline/Pipeline.php(149): Illuminate\View\Middleware\ShareErrorsFromSession->handle(Object(Illuminate\Http\Request), Object(Closure))
#28 /home/phat/SourceCode/october/vendor/laravel/framework/src/Illuminate/Routing/Pipeline.php(53): Illuminate\Pipeline\Pipeline->Illuminate\Pipeline\{closure}(Object(Illuminate\Http\Request))
#29 /home/phat/SourceCode/october/vendor/laravel/framework/src/Illuminate/Session/Middleware/StartSession.php(63): Illuminate\Routing\Pipeline->Illuminate\Routing\{closure}(Object(Illuminate\Http\Request))
#30 /home/phat/SourceCode/october/vendor/laravel/framework/src/Illuminate/Pipeline/Pipeline.php(149): Illuminate\Session\Middleware\StartSession->handle(Object(Illuminate\Http\Request), Object(Closure))
#31 /home/phat/SourceCode/october/vendor/laravel/framework/src/Illuminate/Routing/Pipeline.php(53): Illuminate\Pipeline\Pipeline->Illuminate\Pipeline\{closure}(Object(Illuminate\Http\Request))
#32 /home/phat/SourceCode/october/vendor/laravel/framework/src/Illuminate/Cookie/Middleware/AddQueuedCookiesToResponse.php(37): Illuminate\Routing\Pipeline->Illuminate\Routing\{closure}(Object(Illuminate\Http\Request))
#33 /home/phat/SourceCode/october/vendor/laravel/framework/src/Illuminate/Pipeline/Pipeline.php(149): Illuminate\Cookie\Middleware\AddQueuedCookiesToResponse->handle(Object(Illuminate\Http\Request), Object(Closure))
#34 /home/phat/SourceCode/october/vendor/laravel/framework/src/Illuminate/Routing/Pipeline.php(53): Illuminate\Pipeline\Pipeline->Illuminate\Pipeline\{closure}(Object(Illuminate\Http\Request))
#35 /home/phat/SourceCode/october/vendor/laravel/framework/src/Illuminate/Cookie/Middleware/EncryptCookies.php(59): Illuminate\Routing\Pipeline->Illuminate\Routing\{closure}(Object(Illuminate\Http\Request))
#36 /home/phat/SourceCode/october/vendor/laravel/framework/src/Illuminate/Pipeline/Pipeline.php(149): Illuminate\Cookie\Middleware\EncryptCookies->handle(Object(Illuminate\Http\Request), Object(Closure))
#37 /home/phat/SourceCode/october/vendor/laravel/framework/src/Illuminate/Routing/Pipeline.php(53): Illuminate\Pipeline\Pipeline->Illuminate\Pipeline\{closure}(Object(Illuminate\Http\Request))
#38 /home/phat/SourceCode/october/vendor/laravel/framework/src/Illuminate/Pipeline/Pipeline.php(102): Illuminate\Routing\Pipeline->Illuminate\Routing\{closure}(Object(Illuminate\Http\Request))
#39 /home/phat/SourceCode/october/vendor/laravel/framework/src/Illuminate/Routing/Router.php(660): Illuminate\Pipeline\Pipeline->then(Object(Closure))
#40 /home/phat/SourceCode/october/vendor/laravel/framework/src/Illuminate/Routing/Router.php(635): Illuminate\Routing\Router->runRouteWithinStack(Object(Illuminate\Routing\Route), Object(Illuminate\Http\Request))
#41 /home/phat/SourceCode/october/vendor/laravel/framework/src/Illuminate/Routing/Router.php(601): Illuminate\Routing\Router->runRoute(Object(Illuminate\Http\Request), Object(Illuminate\Routing\Route))
#42 /home/phat/SourceCode/october/vendor/october/rain/src/Router/CoreRouter.php(20): Illuminate\Routing\Router->dispatchToRoute(Object(Illuminate\Http\Request))
#43 /home/phat/SourceCode/october/vendor/laravel/framework/src/Illuminate/Foundation/Http/Kernel.php(176): October\Rain\Router\CoreRouter->dispatch(Object(Illuminate\Http\Request))
#44 /home/phat/SourceCode/october/vendor/laravel/framework/src/Illuminate/Routing/Pipeline.php(30): Illuminate\Foundation\Http\Kernel->Illuminate\Foundation\Http\{closure}(Object(Illuminate\Http\Request))
#45 /home/phat/SourceCode/october/vendor/laravel/framework/src/Illuminate/Foundation/Http/Middleware/CheckForMaintenanceMode.php(46): Illuminate\Routing\Pipeline->Illuminate\Routing\{closure}(Object(Illuminate\Http\Request))
#46 /home/phat/SourceCode/october/vendor/laravel/framework/src/Illuminate/Pipeline/Pipeline.php(149): Illuminate\Foundation\Http\Middleware\CheckForMaintenanceMode->handle(Object(Illuminate\Http\Request), Object(Closure))
#47 /home/phat/SourceCode/october/vendor/laravel/framework/src/Illuminate/Routing/Pipeline.php(53): Illuminate\Pipeline\Pipeline->Illuminate\Pipeline\{closure}(Object(Illuminate\Http\Request))
#48 /home/phat/SourceCode/october/vendor/laravel/framework/src/Illuminate/Pipeline/Pipeline.php(102): Illuminate\Routing\Pipeline->Illuminate\Routing\{closure}(Object(Illuminate\Http\Request))
#49 /home/phat/SourceCode/october/vendor/laravel/framework/src/Illuminate/Foundation/Http/Kernel.php(151): Illuminate\Pipeline\Pipeline->then(Object(Closure))
#50 /home/phat/SourceCode/october/vendor/laravel/framework/src/Illuminate/Foundation/Http/Kernel.php(116): Illuminate\Foundation\Http\Kernel->sendRequestThroughRouter(Object(Illuminate\Http\Request))
#51 /home/phat/SourceCode/october/index.php(43): Illuminate\Foundation\Http\Kernel->handle(Object(Illuminate\Http\Request))
#52 {main}

Next Twig_Error_Runtime: An exception has been thrown during the rendering of a template ("The source file "/home/phat/SourceCode/october/themes/david-batata-bootstrap-4/https://maxcdn.bootstrapcdn.com/bootstrap/4.0.0/css/bootstrap.min.css" does not exist.") in "/home/phat/SourceCode/october/themes/david-batata-bootstrap-4/layouts/yame.htm" at line 8. in /home/phat/SourceCode/october/vendor/twig/twig/lib/Twig/Template.php:404
Stack trace:
#0 /home/phat/SourceCode/october/vendor/twig/twig/lib/Twig/Template.php(366): Twig_Template->displayWithErrorHandling(Array, Array)
#1 /home/phat/SourceCode/october/vendor/twig/twig/lib/Twig/Template.php(374): Twig_Template->display(Array)
#2 /home/phat/SourceCode/october/modules/cms/classes/Controller.php(377): Twig_Template->render(Array)
#3 /home/phat/SourceCode/october/modules/cms/classes/Controller.php(213): Cms\Classes\Controller->runPage(Object(Cms\Classes\Page))
#4 /home/phat/SourceCode/october/modules/cms/classes/CmsController.php(50): Cms\Classes\Controller->run('home')
#5 [internal function]: Cms\Classes\CmsController->run('home')
#6 /home/phat/SourceCode/october/vendor/laravel/framework/src/Illuminate/Routing/Controller.php(54): call_user_func_array(Array, Array)
#7 /home/phat/SourceCode/october/vendor/laravel/framework/src/Illuminate/Routing/ControllerDispatcher.php(45): Illuminate\Routing\Controller->callAction('run', Array)
#8 /home/phat/SourceCode/october/vendor/laravel/framework/src/Illuminate/Routing/Route.php(212): Illuminate\Routing\ControllerDispatcher->dispatch(Object(Illuminate\Routing\Route), Object(Cms\Classes\CmsController), 'run')
#9 /home/phat/SourceCode/october/vendor/laravel/framework/src/Illuminate/Routing/Route.php(169): Illuminate\Routing\Route->runController()
#10 /home/phat/SourceCode/october/vendor/laravel/framework/src/Illuminate/Routing/Router.php(658): Illuminate\Routing\Route->run()
#11 /home/phat/SourceCode/october/vendor/laravel/framework/src/Illuminate/Routing/Pipeline.php(30): Illuminate\Routing\Router->Illuminate\Routing\{closure}(Object(Illuminate\Http\Request))
#12 /home/phat/SourceCode/october/plugins/rainlab/translate/classes/LocaleMiddleware.php(29): Illuminate\Routing\Pipeline->Illuminate\Routing\{closure}(Object(Illuminate\Http\Request))
#13 /home/phat/SourceCode/october/vendor/laravel/framework/src/Illuminate/Pipeline/Pipeline.php(149): RainLab\Translate\Classes\LocaleMiddleware->handle(Object(Illuminate\Http\Request), Object(Closure))
#14 /home/phat/SourceCode/october/vendor/laravel/framework/src/Illuminate/Routing/Pipeline.php(53): Illuminate\Pipeline\Pipeline->Illuminate\Pipeline\{closure}(Object(Illuminate\Http\Request))
#15 /home/phat/SourceCode/october/vendor/laravel/framework/src/Illuminate/Routing/Middleware/SubstituteBindings.php(41): Illuminate\Routing\Pipeline->Illuminate\Routing\{closure}(Object(Illuminate\Http\Request))
#16 /home/phat/SourceCode/october/vendor/laravel/framework/src/Illuminate/Pipeline/Pipeline.php(149): Illuminate\Routing\Middleware\SubstituteBindings->handle(Object(Illuminate\Http\Request), Object(Closure))
#17 /home/phat/SourceCode/october/vendor/laravel/framework/src/Illuminate/Routing/Pipeline.php(53): Illuminate\Pipeline\Pipeline->Illuminate\Pipeline\{closure}(Object(Illuminate\Http\Request))
#18 /home/phat/SourceCode/october/vendor/laravel/framework/src/Illuminate/View/Middleware/ShareErrorsFromSession.php(49): Illuminate\Routing\Pipeline->Illuminate\Routing\{closure}(Object(Illuminate\Http\Request))
#19 /home/phat/SourceCode/october/vendor/laravel/framework/src/Illuminate/Pipeline/Pipeline.php(149): Illuminate\View\Middleware\ShareErrorsFromSession->handle(Object(Illuminate\Http\Request), Object(Closure))
#20 /home/phat/SourceCode/october/vendor/laravel/framework/src/Illuminate/Routing/Pipeline.php(53): Illuminate\Pipeline\Pipeline->Illuminate\Pipeline\{closure}(Object(Illuminate\Http\Request))
#21 /home/phat/SourceCode/october/vendor/laravel/framework/src/Illuminate/Session/Middleware/StartSession.php(63): Illuminate\Routing\Pipeline->Illuminate\Routing\{closure}(Object(Illuminate\Http\Request))
#22 /home/phat/SourceCode/october/vendor/laravel/framework/src/Illuminate/Pipeline/Pipeline.php(149): Illuminate\Session\Middleware\StartSession->handle(Object(Illuminate\Http\Request), Object(Closure))
#23 /home/phat/SourceCode/october/vendor/laravel/framework/src/Illuminate/Routing/Pipeline.php(53): Illuminate\Pipeline\Pipeline->Illuminate\Pipeline\{closure}(Object(Illuminate\Http\Request))
#24 /home/phat/SourceCode/october/vendor/laravel/framework/src/Illuminate/Cookie/Middleware/AddQueuedCookiesToResponse.php(37): Illuminate\Routing\Pipeline->Illuminate\Routing\{closure}(Object(Illuminate\Http\Request))
#25 /home/phat/SourceCode/october/vendor/laravel/framework/src/Illuminate/Pipeline/Pipeline.php(149): Illuminate\Cookie\Middleware\AddQueuedCookiesToResponse->handle(Object(Illuminate\Http\Request), Object(Closure))
#26 /home/phat/SourceCode/october/vendor/laravel/framework/src/Illuminate/Routing/Pipeline.php(53): Illuminate\Pipeline\Pipeline->Illuminate\Pipeline\{closure}(Object(Illuminate\Http\Request))
#27 /home/phat/SourceCode/october/vendor/laravel/framework/src/Illuminate/Cookie/Middleware/EncryptCookies.php(59): Illuminate\Routing\Pipeline->Illuminate\Routing\{closure}(Object(Illuminate\Http\Request))
#28 /home/phat/SourceCode/october/vendor/laravel/framework/src/Illuminate/Pipeline/Pipeline.php(149): Illuminate\Cookie\Middleware\EncryptCookies->handle(Object(Illuminate\Http\Request), Object(Closure))
#29 /home/phat/SourceCode/october/vendor/laravel/framework/src/Illuminate/Routing/Pipeline.php(53): Illuminate\Pipeline\Pipeline->Illuminate\Pipeline\{closure}(Object(Illuminate\Http\Request))
#30 /home/phat/SourceCode/october/vendor/laravel/framework/src/Illuminate/Pipeline/Pipeline.php(102): Illuminate\Routing\Pipeline->Illuminate\Routing\{closure}(Object(Illuminate\Http\Request))
#31 /home/phat/SourceCode/october/vendor/laravel/framework/src/Illuminate/Routing/Router.php(660): Illuminate\Pipeline\Pipeline->then(Object(Closure))
#32 /home/phat/SourceCode/october/vendor/laravel/framework/src/Illuminate/Routing/Router.php(635): Illuminate\Routing\Router->runRouteWithinStack(Object(Illuminate\Routing\Route), Object(Illuminate\Http\Request))
#33 /home/phat/SourceCode/october/vendor/laravel/framework/src/Illuminate/Routing/Router.php(601): Illuminate\Routing\Router->runRoute(Object(Illuminate\Http\Request), Object(Illuminate\Routing\Route))
#34 /home/phat/SourceCode/october/vendor/october/rain/src/Router/CoreRouter.php(20): Illuminate\Routing\Router->dispatchToRoute(Object(Illuminate\Http\Request))
#35 /home/phat/SourceCode/october/vendor/laravel/framework/src/Illuminate/Foundation/Http/Kernel.php(176): October\Rain\Router\CoreRouter->dispatch(Object(Illuminate\Http\Request))
#36 /home/phat/SourceCode/october/vendor/laravel/framework/src/Illuminate/Routing/Pipeline.php(30): Illuminate\Foundation\Http\Kernel->Illuminate\Foundation\Http\{closure}(Object(Illuminate\Http\Request))
#37 /home/phat/SourceCode/october/vendor/laravel/framework/src/Illuminate/Foundation/Http/Middleware/CheckForMaintenanceMode.php(46): Illuminate\Routing\Pipeline->Illuminate\Routing\{closure}(Object(Illuminate\Http\Request))
#38 /home/phat/SourceCode/october/vendor/laravel/framework/src/Illuminate/Pipeline/Pipeline.php(149): Illuminate\Foundation\Http\Middleware\CheckForMaintenanceMode->handle(Object(Illuminate\Http\Request), Object(Closure))
#39 /home/phat/SourceCode/october/vendor/laravel/framework/src/Illuminate/Routing/Pipeline.php(53): Illuminate\Pipeline\Pipeline->Illuminate\Pipeline\{closure}(Object(Illuminate\Http\Request))
#40 /home/phat/SourceCode/october/vendor/laravel/framework/src/Illuminate/Pipeline/Pipeline.php(102): Illuminate\Routing\Pipeline->Illuminate\Routing\{closure}(Object(Illuminate\Http\Request))
#41 /home/phat/SourceCode/october/vendor/laravel/framework/src/Illuminate/Foundation/Http/Kernel.php(151): Illuminate\Pipeline\Pipeline->then(Object(Closure))
#42 /home/phat/SourceCode/october/vendor/laravel/framework/src/Illuminate/Foundation/Http/Kernel.php(116): Illuminate\Foundation\Http\Kernel->sendRequestThroughRouter(Object(Illuminate\Http\Request))
#43 /home/phat/SourceCode/october/index.php(43): Illuminate\Foundation\Http\Kernel->handle(Object(Illuminate\Http\Request))
#44 {main}  
[2018-05-24 10:29:53] development.ERROR: Twig_Error_Syntax: Unexpected token "name" of value "page" ("end of print statement" expected) in "/home/phat/SourceCode/october/themes/david-batata-bootstrap-4/partials/navbar.htm" at line 6. in /home/phat/SourceCode/october/vendor/twig/twig/lib/Twig/TokenStream.php:80
Stack trace:
#0 /home/phat/SourceCode/october/vendor/twig/twig/lib/Twig/Parser.php(124): Twig_TokenStream->expect(4)
#1 /home/phat/SourceCode/october/vendor/twig/twig/lib/Twig/Parser.php(79): Twig_Parser->subparse(NULL, false)
#2 /home/phat/SourceCode/october/vendor/twig/twig/lib/Twig/Environment.php(529): Twig_Parser->parse(Object(Twig_TokenStream))
#3 /home/phat/SourceCode/october/vendor/twig/twig/lib/Twig/Environment.php(561): Twig_Environment->parse(Object(Twig_TokenStream))
#4 /home/phat/SourceCode/october/vendor/twig/twig/lib/Twig/Environment.php(368): Twig_Environment->compileSource(Object(Twig_Source))
#5 /home/phat/SourceCode/october/modules/cms/classes/Controller.php(921): Twig_Environment->loadTemplate('/home/phat/Sour...')
#6 /home/phat/SourceCode/october/modules/cms/twig/Extension.php(106): Cms\Classes\Controller->renderPartial('navbar', Array, true)
#7 /home/phat/SourceCode/october/storage/cms/twig/64/64b9860ff8664e734d289c702e662d0aaef7e7305a3b727641abecfcb867c6d1.php(43): Cms\Twig\Extension->partialFunction('navbar', Array, true)
#8 /home/phat/SourceCode/october/vendor/twig/twig/lib/Twig/Template.php(389): __TwigTemplate_edeb97b8c40eb0e4cb210d1d7edc2cc265c40208280fac32c2f72c38f4496139->doDisplay(Array, Array)
#9 /home/phat/SourceCode/october/vendor/twig/twig/lib/Twig/Template.php(366): Twig_Template->displayWithErrorHandling(Array, Array)
#10 /home/phat/SourceCode/october/vendor/twig/twig/lib/Twig/Template.php(374): Twig_Template->display(Array)
#11 /home/phat/SourceCode/october/modules/cms/classes/Controller.php(377): Twig_Template->render(Array)
#12 /home/phat/SourceCode/october/modules/cms/classes/Controller.php(213): Cms\Classes\Controller->runPage(Object(Cms\Classes\Page))
#13 /home/phat/SourceCode/october/modules/cms/classes/CmsController.php(50): Cms\Classes\Controller->run('/')
#14 [internal function]: Cms\Classes\CmsController->run('/')
#15 /home/phat/SourceCode/october/vendor/laravel/framework/src/Illuminate/Routing/Controller.php(54): call_user_func_array(Array, Array)
#16 /home/phat/SourceCode/october/vendor/laravel/framework/src/Illuminate/Routing/ControllerDispatcher.php(45): Illuminate\Routing\Controller->callAction('run', Array)
#17 /home/phat/SourceCode/october/vendor/laravel/framework/src/Illuminate/Routing/Route.php(212): Illuminate\Routing\ControllerDispatcher->dispatch(Object(Illuminate\Routing\Route), Object(Cms\Classes\CmsController), 'run')
#18 /home/phat/SourceCode/october/vendor/laravel/framework/src/Illuminate/Routing/Route.php(169): Illuminate\Routing\Route->runController()
#19 /home/phat/SourceCode/october/vendor/laravel/framework/src/Illuminate/Routing/Router.php(658): Illuminate\Routing\Route->run()
#20 /home/phat/SourceCode/october/vendor/laravel/framework/src/Illuminate/Routing/Pipeline.php(30): Illuminate\Routing\Router->Illuminate\Routing\{closure}(Object(Illuminate\Http\Request))
#21 /home/phat/SourceCode/october/plugins/rainlab/translate/classes/LocaleMiddleware.php(29): Illuminate\Routing\Pipeline->Illuminate\Routing\{closure}(Object(Illuminate\Http\Request))
#22 /home/phat/SourceCode/october/vendor/laravel/framework/src/Illuminate/Pipeline/Pipeline.php(149): RainLab\Translate\Classes\LocaleMiddleware->handle(Object(Illuminate\Http\Request), Object(Closure))
#23 /home/phat/SourceCode/october/vendor/laravel/framework/src/Illuminate/Routing/Pipeline.php(53): Illuminate\Pipeline\Pipeline->Illuminate\Pipeline\{closure}(Object(Illuminate\Http\Request))
#24 /home/phat/SourceCode/october/vendor/laravel/framework/src/Illuminate/Routing/Middleware/SubstituteBindings.php(41): Illuminate\Routing\Pipeline->Illuminate\Routing\{closure}(Object(Illuminate\Http\Request))
#25 /home/phat/SourceCode/october/vendor/laravel/framework/src/Illuminate/Pipeline/Pipeline.php(149): Illuminate\Routing\Middleware\SubstituteBindings->handle(Object(Illuminate\Http\Request), Object(Closure))
#26 /home/phat/SourceCode/october/vendor/laravel/framework/src/Illuminate/Routing/Pipeline.php(53): Illuminate\Pipeline\Pipeline->Illuminate\Pipeline\{closure}(Object(Illuminate\Http\Request))
#27 /home/phat/SourceCode/october/vendor/laravel/framework/src/Illuminate/View/Middleware/ShareErrorsFromSession.php(49): Illuminate\Routing\Pipeline->Illuminate\Routing\{closure}(Object(Illuminate\Http\Request))
#28 /home/phat/SourceCode/october/vendor/laravel/framework/src/Illuminate/Pipeline/Pipeline.php(149): Illuminate\View\Middleware\ShareErrorsFromSession->handle(Object(Illuminate\Http\Request), Object(Closure))
#29 /home/phat/SourceCode/october/vendor/laravel/framework/src/Illuminate/Routing/Pipeline.php(53): Illuminate\Pipeline\Pipeline->Illuminate\Pipeline\{closure}(Object(Illuminate\Http\Request))
#30 /home/phat/SourceCode/october/vendor/laravel/framework/src/Illuminate/Session/Middleware/StartSession.php(63): Illuminate\Routing\Pipeline->Illuminate\Routing\{closure}(Object(Illuminate\Http\Request))
#31 /home/phat/SourceCode/october/vendor/laravel/framework/src/Illuminate/Pipeline/Pipeline.php(149): Illuminate\Session\Middleware\StartSession->handle(Object(Illuminate\Http\Request), Object(Closure))
#32 /home/phat/SourceCode/october/vendor/laravel/framework/src/Illuminate/Routing/Pipeline.php(53): Illuminate\Pipeline\Pipeline->Illuminate\Pipeline\{closure}(Object(Illuminate\Http\Request))
#33 /home/phat/SourceCode/october/vendor/laravel/framework/src/Illuminate/Cookie/Middleware/AddQueuedCookiesToResponse.php(37): Illuminate\Routing\Pipeline->Illuminate\Routing\{closure}(Object(Illuminate\Http\Request))
#34 /home/phat/SourceCode/october/vendor/laravel/framework/src/Illuminate/Pipeline/Pipeline.php(149): Illuminate\Cookie\Middleware\AddQueuedCookiesToResponse->handle(Object(Illuminate\Http\Request), Object(Closure))
#35 /home/phat/SourceCode/october/vendor/laravel/framework/src/Illuminate/Routing/Pipeline.php(53): Illuminate\Pipeline\Pipeline->Illuminate\Pipeline\{closure}(Object(Illuminate\Http\Request))
#36 /home/phat/SourceCode/october/vendor/laravel/framework/src/Illuminate/Cookie/Middleware/EncryptCookies.php(59): Illuminate\Routing\Pipeline->Illuminate\Routing\{closure}(Object(Illuminate\Http\Request))
#37 /home/phat/SourceCode/october/vendor/laravel/framework/src/Illuminate/Pipeline/Pipeline.php(149): Illuminate\Cookie\Middleware\EncryptCookies->handle(Object(Illuminate\Http\Request), Object(Closure))
#38 /home/phat/SourceCode/october/vendor/laravel/framework/src/Illuminate/Routing/Pipeline.php(53): Illuminate\Pipeline\Pipeline->Illuminate\Pipeline\{closure}(Object(Illuminate\Http\Request))
#39 /home/phat/SourceCode/october/vendor/laravel/framework/src/Illuminate/Pipeline/Pipeline.php(102): Illuminate\Routing\Pipeline->Illuminate\Routing\{closure}(Object(Illuminate\Http\Request))
#40 /home/phat/SourceCode/october/vendor/laravel/framework/src/Illuminate/Routing/Router.php(660): Illuminate\Pipeline\Pipeline->then(Object(Closure))
#41 /home/phat/SourceCode/october/vendor/laravel/framework/src/Illuminate/Routing/Router.php(635): Illuminate\Routing\Router->runRouteWithinStack(Object(Illuminate\Routing\Route), Object(Illuminate\Http\Request))
#42 /home/phat/SourceCode/october/vendor/laravel/framework/src/Illuminate/Routing/Router.php(601): Illuminate\Routing\Router->runRoute(Object(Illuminate\Http\Request), Object(Illuminate\Routing\Route))
#43 /home/phat/SourceCode/october/vendor/october/rain/src/Router/CoreRouter.php(20): Illuminate\Routing\Router->dispatchToRoute(Object(Illuminate\Http\Request))
#44 /home/phat/SourceCode/october/vendor/laravel/framework/src/Illuminate/Foundation/Http/Kernel.php(176): October\Rain\Router\CoreRouter->dispatch(Object(Illuminate\Http\Request))
#45 /home/phat/SourceCode/october/vendor/laravel/framework/src/Illuminate/Routing/Pipeline.php(30): Illuminate\Foundation\Http\Kernel->Illuminate\Foundation\Http\{closure}(Object(Illuminate\Http\Request))
#46 /home/phat/SourceCode/october/vendor/laravel/framework/src/Illuminate/Foundation/Http/Middleware/CheckForMaintenanceMode.php(46): Illuminate\Routing\Pipeline->Illuminate\Routing\{closure}(Object(Illuminate\Http\Request))
#47 /home/phat/SourceCode/october/vendor/laravel/framework/src/Illuminate/Pipeline/Pipeline.php(149): Illuminate\Foundation\Http\Middleware\CheckForMaintenanceMode->handle(Object(Illuminate\Http\Request), Object(Closure))
#48 /home/phat/SourceCode/october/vendor/laravel/framework/src/Illuminate/Routing/Pipeline.php(53): Illuminate\Pipeline\Pipeline->Illuminate\Pipeline\{closure}(Object(Illuminate\Http\Request))
#49 /home/phat/SourceCode/october/vendor/laravel/framework/src/Illuminate/Pipeline/Pipeline.php(102): Illuminate\Routing\Pipeline->Illuminate\Routing\{closure}(Object(Illuminate\Http\Request))
#50 /home/phat/SourceCode/october/vendor/laravel/framework/src/Illuminate/Foundation/Http/Kernel.php(151): Illuminate\Pipeline\Pipeline->then(Object(Closure))
#51 /home/phat/SourceCode/october/vendor/laravel/framework/src/Illuminate/Foundation/Http/Kernel.php(116): Illuminate\Foundation\Http\Kernel->sendRequestThroughRouter(Object(Illuminate\Http\Request))
#52 /home/phat/SourceCode/october/index.php(43): Illuminate\Foundation\Http\Kernel->handle(Object(Illuminate\Http\Request))
#53 {main}  
[2018-05-24 10:30:09] development.ERROR: Twig_Error_Syntax: Unknown "var_dump" function in "/home/phat/SourceCode/october/themes/david-batata-bootstrap-4/partials/navbar.htm" at line 6. in /home/phat/SourceCode/october/vendor/twig/twig/lib/Twig/ExpressionParser.php:648
Stack trace:
#0 /home/phat/SourceCode/october/vendor/twig/twig/lib/Twig/ExpressionParser.php(364): Twig_ExpressionParser->getFunctionNodeClass('var_dump', 6)
#1 /home/phat/SourceCode/october/vendor/twig/twig/lib/Twig/ExpressionParser.php(152): Twig_ExpressionParser->getFunctionNode('var_dump', 6)
#2 /home/phat/SourceCode/october/vendor/twig/twig/lib/Twig/ExpressionParser.php(92): Twig_ExpressionParser->parsePrimaryExpression()
#3 /home/phat/SourceCode/october/vendor/twig/twig/lib/Twig/ExpressionParser.php(45): Twig_ExpressionParser->getPrimary()
#4 /home/phat/SourceCode/october/vendor/twig/twig/lib/Twig/Parser.php(123): Twig_ExpressionParser->parseExpression()
#5 /home/phat/SourceCode/october/vendor/twig/twig/lib/Twig/Parser.php(79): Twig_Parser->subparse(NULL, false)
#6 /home/phat/SourceCode/october/vendor/twig/twig/lib/Twig/Environment.php(529): Twig_Parser->parse(Object(Twig_TokenStream))
#7 /home/phat/SourceCode/october/vendor/twig/twig/lib/Twig/Environment.php(561): Twig_Environment->parse(Object(Twig_TokenStream))
#8 /home/phat/SourceCode/october/vendor/twig/twig/lib/Twig/Environment.php(368): Twig_Environment->compileSource(Object(Twig_Source))
#9 /home/phat/SourceCode/october/modules/cms/classes/Controller.php(921): Twig_Environment->loadTemplate('/home/phat/Sour...')
#10 /home/phat/SourceCode/october/modules/cms/twig/Extension.php(106): Cms\Classes\Controller->renderPartial('navbar', Array, true)
#11 /home/phat/SourceCode/october/storage/cms/twig/64/64b9860ff8664e734d289c702e662d0aaef7e7305a3b727641abecfcb867c6d1.php(43): Cms\Twig\Extension->partialFunction('navbar', Array, true)
#12 /home/phat/SourceCode/october/vendor/twig/twig/lib/Twig/Template.php(389): __TwigTemplate_edeb97b8c40eb0e4cb210d1d7edc2cc265c40208280fac32c2f72c38f4496139->doDisplay(Array, Array)
#13 /home/phat/SourceCode/october/vendor/twig/twig/lib/Twig/Template.php(366): Twig_Template->displayWithErrorHandling(Array, Array)
#14 /home/phat/SourceCode/october/vendor/twig/twig/lib/Twig/Template.php(374): Twig_Template->display(Array)
#15 /home/phat/SourceCode/october/modules/cms/classes/Controller.php(377): Twig_Template->render(Array)
#16 /home/phat/SourceCode/october/modules/cms/classes/Controller.php(213): Cms\Classes\Controller->runPage(Object(Cms\Classes\Page))
#17 /home/phat/SourceCode/october/modules/cms/classes/CmsController.php(50): Cms\Classes\Controller->run('/')
#18 [internal function]: Cms\Classes\CmsController->run('/')
#19 /home/phat/SourceCode/october/vendor/laravel/framework/src/Illuminate/Routing/Controller.php(54): call_user_func_array(Array, Array)
#20 /home/phat/SourceCode/october/vendor/laravel/framework/src/Illuminate/Routing/ControllerDispatcher.php(45): Illuminate\Routing\Controller->callAction('run', Array)
#21 /home/phat/SourceCode/october/vendor/laravel/framework/src/Illuminate/Routing/Route.php(212): Illuminate\Routing\ControllerDispatcher->dispatch(Object(Illuminate\Routing\Route), Object(Cms\Classes\CmsController), 'run')
#22 /home/phat/SourceCode/october/vendor/laravel/framework/src/Illuminate/Routing/Route.php(169): Illuminate\Routing\Route->runController()
#23 /home/phat/SourceCode/october/vendor/laravel/framework/src/Illuminate/Routing/Router.php(658): Illuminate\Routing\Route->run()
#24 /home/phat/SourceCode/october/vendor/laravel/framework/src/Illuminate/Routing/Pipeline.php(30): Illuminate\Routing\Router->Illuminate\Routing\{closure}(Object(Illuminate\Http\Request))
#25 /home/phat/SourceCode/october/plugins/rainlab/translate/classes/LocaleMiddleware.php(29): Illuminate\Routing\Pipeline->Illuminate\Routing\{closure}(Object(Illuminate\Http\Request))
#26 /home/phat/SourceCode/october/vendor/laravel/framework/src/Illuminate/Pipeline/Pipeline.php(149): RainLab\Translate\Classes\LocaleMiddleware->handle(Object(Illuminate\Http\Request), Object(Closure))
#27 /home/phat/SourceCode/october/vendor/laravel/framework/src/Illuminate/Routing/Pipeline.php(53): Illuminate\Pipeline\Pipeline->Illuminate\Pipeline\{closure}(Object(Illuminate\Http\Request))
#28 /home/phat/SourceCode/october/vendor/laravel/framework/src/Illuminate/Routing/Middleware/SubstituteBindings.php(41): Illuminate\Routing\Pipeline->Illuminate\Routing\{closure}(Object(Illuminate\Http\Request))
#29 /home/phat/SourceCode/october/vendor/laravel/framework/src/Illuminate/Pipeline/Pipeline.php(149): Illuminate\Routing\Middleware\SubstituteBindings->handle(Object(Illuminate\Http\Request), Object(Closure))
#30 /home/phat/SourceCode/october/vendor/laravel/framework/src/Illuminate/Routing/Pipeline.php(53): Illuminate\Pipeline\Pipeline->Illuminate\Pipeline\{closure}(Object(Illuminate\Http\Request))
#31 /home/phat/SourceCode/october/vendor/laravel/framework/src/Illuminate/View/Middleware/ShareErrorsFromSession.php(49): Illuminate\Routing\Pipeline->Illuminate\Routing\{closure}(Object(Illuminate\Http\Request))
#32 /home/phat/SourceCode/october/vendor/laravel/framework/src/Illuminate/Pipeline/Pipeline.php(149): Illuminate\View\Middleware\ShareErrorsFromSession->handle(Object(Illuminate\Http\Request), Object(Closure))
#33 /home/phat/SourceCode/october/vendor/laravel/framework/src/Illuminate/Routing/Pipeline.php(53): Illuminate\Pipeline\Pipeline->Illuminate\Pipeline\{closure}(Object(Illuminate\Http\Request))
#34 /home/phat/SourceCode/october/vendor/laravel/framework/src/Illuminate/Session/Middleware/StartSession.php(63): Illuminate\Routing\Pipeline->Illuminate\Routing\{closure}(Object(Illuminate\Http\Request))
#35 /home/phat/SourceCode/october/vendor/laravel/framework/src/Illuminate/Pipeline/Pipeline.php(149): Illuminate\Session\Middleware\StartSession->handle(Object(Illuminate\Http\Request), Object(Closure))
#36 /home/phat/SourceCode/october/vendor/laravel/framework/src/Illuminate/Routing/Pipeline.php(53): Illuminate\Pipeline\Pipeline->Illuminate\Pipeline\{closure}(Object(Illuminate\Http\Request))
#37 /home/phat/SourceCode/october/vendor/laravel/framework/src/Illuminate/Cookie/Middleware/AddQueuedCookiesToResponse.php(37): Illuminate\Routing\Pipeline->Illuminate\Routing\{closure}(Object(Illuminate\Http\Request))
#38 /home/phat/SourceCode/october/vendor/laravel/framework/src/Illuminate/Pipeline/Pipeline.php(149): Illuminate\Cookie\Middleware\AddQueuedCookiesToResponse->handle(Object(Illuminate\Http\Request), Object(Closure))
#39 /home/phat/SourceCode/october/vendor/laravel/framework/src/Illuminate/Routing/Pipeline.php(53): Illuminate\Pipeline\Pipeline->Illuminate\Pipeline\{closure}(Object(Illuminate\Http\Request))
#40 /home/phat/SourceCode/october/vendor/laravel/framework/src/Illuminate/Cookie/Middleware/EncryptCookies.php(59): Illuminate\Routing\Pipeline->Illuminate\Routing\{closure}(Object(Illuminate\Http\Request))
#41 /home/phat/SourceCode/october/vendor/laravel/framework/src/Illuminate/Pipeline/Pipeline.php(149): Illuminate\Cookie\Middleware\EncryptCookies->handle(Object(Illuminate\Http\Request), Object(Closure))
#42 /home/phat/SourceCode/october/vendor/laravel/framework/src/Illuminate/Routing/Pipeline.php(53): Illuminate\Pipeline\Pipeline->Illuminate\Pipeline\{closure}(Object(Illuminate\Http\Request))
#43 /home/phat/SourceCode/october/vendor/laravel/framework/src/Illuminate/Pipeline/Pipeline.php(102): Illuminate\Routing\Pipeline->Illuminate\Routing\{closure}(Object(Illuminate\Http\Request))
#44 /home/phat/SourceCode/october/vendor/laravel/framework/src/Illuminate/Routing/Router.php(660): Illuminate\Pipeline\Pipeline->then(Object(Closure))
#45 /home/phat/SourceCode/october/vendor/laravel/framework/src/Illuminate/Routing/Router.php(635): Illuminate\Routing\Router->runRouteWithinStack(Object(Illuminate\Routing\Route), Object(Illuminate\Http\Request))
#46 /home/phat/SourceCode/october/vendor/laravel/framework/src/Illuminate/Routing/Router.php(601): Illuminate\Routing\Router->runRoute(Object(Illuminate\Http\Request), Object(Illuminate\Routing\Route))
#47 /home/phat/SourceCode/october/vendor/october/rain/src/Router/CoreRouter.php(20): Illuminate\Routing\Router->dispatchToRoute(Object(Illuminate\Http\Request))
#48 /home/phat/SourceCode/october/vendor/laravel/framework/src/Illuminate/Foundation/Http/Kernel.php(176): October\Rain\Router\CoreRouter->dispatch(Object(Illuminate\Http\Request))
#49 /home/phat/SourceCode/october/vendor/laravel/framework/src/Illuminate/Routing/Pipeline.php(30): Illuminate\Foundation\Http\Kernel->Illuminate\Foundation\Http\{closure}(Object(Illuminate\Http\Request))
#50 /home/phat/SourceCode/october/vendor/laravel/framework/src/Illuminate/Foundation/Http/Middleware/CheckForMaintenanceMode.php(46): Illuminate\Routing\Pipeline->Illuminate\Routing\{closure}(Object(Illuminate\Http\Request))
#51 /home/phat/SourceCode/october/vendor/laravel/framework/src/Illuminate/Pipeline/Pipeline.php(149): Illuminate\Foundation\Http\Middleware\CheckForMaintenanceMode->handle(Object(Illuminate\Http\Request), Object(Closure))
#52 /home/phat/SourceCode/october/vendor/laravel/framework/src/Illuminate/Routing/Pipeline.php(53): Illuminate\Pipeline\Pipeline->Illuminate\Pipeline\{closure}(Object(Illuminate\Http\Request))
#53 /home/phat/SourceCode/october/vendor/laravel/framework/src/Illuminate/Pipeline/Pipeline.php(102): Illuminate\Routing\Pipeline->Illuminate\Routing\{closure}(Object(Illuminate\Http\Request))
#54 /home/phat/SourceCode/october/vendor/laravel/framework/src/Illuminate/Foundation/Http/Kernel.php(151): Illuminate\Pipeline\Pipeline->then(Object(Closure))
#55 /home/phat/SourceCode/october/vendor/laravel/framework/src/Illuminate/Foundation/Http/Kernel.php(116): Illuminate\Foundation\Http\Kernel->sendRequestThroughRouter(Object(Illuminate\Http\Request))
#56 /home/phat/SourceCode/october/index.php(43): Illuminate\Foundation\Http\Kernel->handle(Object(Illuminate\Http\Request))
#57 {main}  
[2018-05-24 10:30:18] development.ERROR: Twig_Error_Syntax: Unknown "var_dumps" function in "/home/phat/SourceCode/october/themes/david-batata-bootstrap-4/partials/navbar.htm" at line 6. in /home/phat/SourceCode/october/vendor/twig/twig/lib/Twig/ExpressionParser.php:648
Stack trace:
#0 /home/phat/SourceCode/october/vendor/twig/twig/lib/Twig/ExpressionParser.php(364): Twig_ExpressionParser->getFunctionNodeClass('var_dumps', 6)
#1 /home/phat/SourceCode/october/vendor/twig/twig/lib/Twig/ExpressionParser.php(152): Twig_ExpressionParser->getFunctionNode('var_dumps', 6)
#2 /home/phat/SourceCode/october/vendor/twig/twig/lib/Twig/ExpressionParser.php(92): Twig_ExpressionParser->parsePrimaryExpression()
#3 /home/phat/SourceCode/october/vendor/twig/twig/lib/Twig/ExpressionParser.php(45): Twig_ExpressionParser->getPrimary()
#4 /home/phat/SourceCode/october/vendor/twig/twig/lib/Twig/Parser.php(123): Twig_ExpressionParser->parseExpression()
#5 /home/phat/SourceCode/october/vendor/twig/twig/lib/Twig/Parser.php(79): Twig_Parser->subparse(NULL, false)
#6 /home/phat/SourceCode/october/vendor/twig/twig/lib/Twig/Environment.php(529): Twig_Parser->parse(Object(Twig_TokenStream))
#7 /home/phat/SourceCode/october/vendor/twig/twig/lib/Twig/Environment.php(561): Twig_Environment->parse(Object(Twig_TokenStream))
#8 /home/phat/SourceCode/october/vendor/twig/twig/lib/Twig/Environment.php(368): Twig_Environment->compileSource(Object(Twig_Source))
#9 /home/phat/SourceCode/october/modules/cms/classes/Controller.php(921): Twig_Environment->loadTemplate('/home/phat/Sour...')
#10 /home/phat/SourceCode/october/modules/cms/twig/Extension.php(106): Cms\Classes\Controller->renderPartial('navbar', Array, true)
#11 /home/phat/SourceCode/october/storage/cms/twig/64/64b9860ff8664e734d289c702e662d0aaef7e7305a3b727641abecfcb867c6d1.php(43): Cms\Twig\Extension->partialFunction('navbar', Array, true)
#12 /home/phat/SourceCode/october/vendor/twig/twig/lib/Twig/Template.php(389): __TwigTemplate_edeb97b8c40eb0e4cb210d1d7edc2cc265c40208280fac32c2f72c38f4496139->doDisplay(Array, Array)
#13 /home/phat/SourceCode/october/vendor/twig/twig/lib/Twig/Template.php(366): Twig_Template->displayWithErrorHandling(Array, Array)
#14 /home/phat/SourceCode/october/vendor/twig/twig/lib/Twig/Template.php(374): Twig_Template->display(Array)
#15 /home/phat/SourceCode/october/modules/cms/classes/Controller.php(377): Twig_Template->render(Array)
#16 /home/phat/SourceCode/october/modules/cms/classes/Controller.php(213): Cms\Classes\Controller->runPage(Object(Cms\Classes\Page))
#17 /home/phat/SourceCode/october/modules/cms/classes/CmsController.php(50): Cms\Classes\Controller->run('/')
#18 [internal function]: Cms\Classes\CmsController->run('/')
#19 /home/phat/SourceCode/october/vendor/laravel/framework/src/Illuminate/Routing/Controller.php(54): call_user_func_array(Array, Array)
#20 /home/phat/SourceCode/october/vendor/laravel/framework/src/Illuminate/Routing/ControllerDispatcher.php(45): Illuminate\Routing\Controller->callAction('run', Array)
#21 /home/phat/SourceCode/october/vendor/laravel/framework/src/Illuminate/Routing/Route.php(212): Illuminate\Routing\ControllerDispatcher->dispatch(Object(Illuminate\Routing\Route), Object(Cms\Classes\CmsController), 'run')
#22 /home/phat/SourceCode/october/vendor/laravel/framework/src/Illuminate/Routing/Route.php(169): Illuminate\Routing\Route->runController()
#23 /home/phat/SourceCode/october/vendor/laravel/framework/src/Illuminate/Routing/Router.php(658): Illuminate\Routing\Route->run()
#24 /home/phat/SourceCode/october/vendor/laravel/framework/src/Illuminate/Routing/Pipeline.php(30): Illuminate\Routing\Router->Illuminate\Routing\{closure}(Object(Illuminate\Http\Request))
#25 /home/phat/SourceCode/october/plugins/rainlab/translate/classes/LocaleMiddleware.php(29): Illuminate\Routing\Pipeline->Illuminate\Routing\{closure}(Object(Illuminate\Http\Request))
#26 /home/phat/SourceCode/october/vendor/laravel/framework/src/Illuminate/Pipeline/Pipeline.php(149): RainLab\Translate\Classes\LocaleMiddleware->handle(Object(Illuminate\Http\Request), Object(Closure))
#27 /home/phat/SourceCode/october/vendor/laravel/framework/src/Illuminate/Routing/Pipeline.php(53): Illuminate\Pipeline\Pipeline->Illuminate\Pipeline\{closure}(Object(Illuminate\Http\Request))
#28 /home/phat/SourceCode/october/vendor/laravel/framework/src/Illuminate/Routing/Middleware/SubstituteBindings.php(41): Illuminate\Routing\Pipeline->Illuminate\Routing\{closure}(Object(Illuminate\Http\Request))
#29 /home/phat/SourceCode/october/vendor/laravel/framework/src/Illuminate/Pipeline/Pipeline.php(149): Illuminate\Routing\Middleware\SubstituteBindings->handle(Object(Illuminate\Http\Request), Object(Closure))
#30 /home/phat/SourceCode/october/vendor/laravel/framework/src/Illuminate/Routing/Pipeline.php(53): Illuminate\Pipeline\Pipeline->Illuminate\Pipeline\{closure}(Object(Illuminate\Http\Request))
#31 /home/phat/SourceCode/october/vendor/laravel/framework/src/Illuminate/View/Middleware/ShareErrorsFromSession.php(49): Illuminate\Routing\Pipeline->Illuminate\Routing\{closure}(Object(Illuminate\Http\Request))
#32 /home/phat/SourceCode/october/vendor/laravel/framework/src/Illuminate/Pipeline/Pipeline.php(149): Illuminate\View\Middleware\ShareErrorsFromSession->handle(Object(Illuminate\Http\Request), Object(Closure))
#33 /home/phat/SourceCode/october/vendor/laravel/framework/src/Illuminate/Routing/Pipeline.php(53): Illuminate\Pipeline\Pipeline->Illuminate\Pipeline\{closure}(Object(Illuminate\Http\Request))
#34 /home/phat/SourceCode/october/vendor/laravel/framework/src/Illuminate/Session/Middleware/StartSession.php(63): Illuminate\Routing\Pipeline->Illuminate\Routing\{closure}(Object(Illuminate\Http\Request))
#35 /home/phat/SourceCode/october/vendor/laravel/framework/src/Illuminate/Pipeline/Pipeline.php(149): Illuminate\Session\Middleware\StartSession->handle(Object(Illuminate\Http\Request), Object(Closure))
#36 /home/phat/SourceCode/october/vendor/laravel/framework/src/Illuminate/Routing/Pipeline.php(53): Illuminate\Pipeline\Pipeline->Illuminate\Pipeline\{closure}(Object(Illuminate\Http\Request))
#37 /home/phat/SourceCode/october/vendor/laravel/framework/src/Illuminate/Cookie/Middleware/AddQueuedCookiesToResponse.php(37): Illuminate\Routing\Pipeline->Illuminate\Routing\{closure}(Object(Illuminate\Http\Request))
#38 /home/phat/SourceCode/october/vendor/laravel/framework/src/Illuminate/Pipeline/Pipeline.php(149): Illuminate\Cookie\Middleware\AddQueuedCookiesToResponse->handle(Object(Illuminate\Http\Request), Object(Closure))
#39 /home/phat/SourceCode/october/vendor/laravel/framework/src/Illuminate/Routing/Pipeline.php(53): Illuminate\Pipeline\Pipeline->Illuminate\Pipeline\{closure}(Object(Illuminate\Http\Request))
#40 /home/phat/SourceCode/october/vendor/laravel/framework/src/Illuminate/Cookie/Middleware/EncryptCookies.php(59): Illuminate\Routing\Pipeline->Illuminate\Routing\{closure}(Object(Illuminate\Http\Request))
#41 /home/phat/SourceCode/october/vendor/laravel/framework/src/Illuminate/Pipeline/Pipeline.php(149): Illuminate\Cookie\Middleware\EncryptCookies->handle(Object(Illuminate\Http\Request), Object(Closure))
#42 /home/phat/SourceCode/october/vendor/laravel/framework/src/Illuminate/Routing/Pipeline.php(53): Illuminate\Pipeline\Pipeline->Illuminate\Pipeline\{closure}(Object(Illuminate\Http\Request))
#43 /home/phat/SourceCode/october/vendor/laravel/framework/src/Illuminate/Pipeline/Pipeline.php(102): Illuminate\Routing\Pipeline->Illuminate\Routing\{closure}(Object(Illuminate\Http\Request))
#44 /home/phat/SourceCode/october/vendor/laravel/framework/src/Illuminate/Routing/Router.php(660): Illuminate\Pipeline\Pipeline->then(Object(Closure))
#45 /home/phat/SourceCode/october/vendor/laravel/framework/src/Illuminate/Routing/Router.php(635): Illuminate\Routing\Router->runRouteWithinStack(Object(Illuminate\Routing\Route), Object(Illuminate\Http\Request))
#46 /home/phat/SourceCode/october/vendor/laravel/framework/src/Illuminate/Routing/Router.php(601): Illuminate\Routing\Router->runRoute(Object(Illuminate\Http\Request), Object(Illuminate\Routing\Route))
#47 /home/phat/SourceCode/october/vendor/october/rain/src/Router/CoreRouter.php(20): Illuminate\Routing\Router->dispatchToRoute(Object(Illuminate\Http\Request))
#48 /home/phat/SourceCode/october/vendor/laravel/framework/src/Illuminate/Foundation/Http/Kernel.php(176): October\Rain\Router\CoreRouter->dispatch(Object(Illuminate\Http\Request))
#49 /home/phat/SourceCode/october/vendor/laravel/framework/src/Illuminate/Routing/Pipeline.php(30): Illuminate\Foundation\Http\Kernel->Illuminate\Foundation\Http\{closure}(Object(Illuminate\Http\Request))
#50 /home/phat/SourceCode/october/vendor/laravel/framework/src/Illuminate/Foundation/Http/Middleware/CheckForMaintenanceMode.php(46): Illuminate\Routing\Pipeline->Illuminate\Routing\{closure}(Object(Illuminate\Http\Request))
#51 /home/phat/SourceCode/october/vendor/laravel/framework/src/Illuminate/Pipeline/Pipeline.php(149): Illuminate\Foundation\Http\Middleware\CheckForMaintenanceMode->handle(Object(Illuminate\Http\Request), Object(Closure))
#52 /home/phat/SourceCode/october/vendor/laravel/framework/src/Illuminate/Routing/Pipeline.php(53): Illuminate\Pipeline\Pipeline->Illuminate\Pipeline\{closure}(Object(Illuminate\Http\Request))
#53 /home/phat/SourceCode/october/vendor/laravel/framework/src/Illuminate/Pipeline/Pipeline.php(102): Illuminate\Routing\Pipeline->Illuminate\Routing\{closure}(Object(Illuminate\Http\Request))
#54 /home/phat/SourceCode/october/vendor/laravel/framework/src/Illuminate/Foundation/Http/Kernel.php(151): Illuminate\Pipeline\Pipeline->then(Object(Closure))
#55 /home/phat/SourceCode/october/vendor/laravel/framework/src/Illuminate/Foundation/Http/Kernel.php(116): Illuminate\Foundation\Http\Kernel->sendRequestThroughRouter(Object(Illuminate\Http\Request))
#56 /home/phat/SourceCode/october/index.php(43): Illuminate\Foundation\Http\Kernel->handle(Object(Illuminate\Http\Request))
#57 {main}  
[2018-05-24 15:40:53] development.ERROR: Twig_Error_Syntax: Unexpected character "!" in "/home/phat/SourceCode/october/themes/david-batata-bootstrap-4/layouts/yame.htm" at line 34. in /home/phat/SourceCode/october/vendor/twig/twig/lib/Twig/Lexer.php:270
Stack trace:
#0 /home/phat/SourceCode/october/vendor/twig/twig/lib/Twig/Lexer.php(202): Twig_Lexer->lexExpression()
#1 /home/phat/SourceCode/october/vendor/twig/twig/lib/Twig/Lexer.php(105): Twig_Lexer->lexVar()
#2 /home/phat/SourceCode/october/vendor/twig/twig/lib/Twig/Environment.php(508): Twig_Lexer->tokenize(Object(Twig_Source))
#3 /home/phat/SourceCode/october/vendor/twig/twig/lib/Twig/Environment.php(561): Twig_Environment->tokenize(Object(Twig_Source))
#4 /home/phat/SourceCode/october/vendor/twig/twig/lib/Twig/Environment.php(368): Twig_Environment->compileSource(Object(Twig_Source))
#5 /home/phat/SourceCode/october/modules/cms/classes/Controller.php(376): Twig_Environment->loadTemplate('/home/phat/Sour...')
#6 /home/phat/SourceCode/october/modules/cms/classes/Controller.php(213): Cms\Classes\Controller->runPage(Object(Cms\Classes\Page))
#7 /home/phat/SourceCode/october/modules/cms/classes/CmsController.php(50): Cms\Classes\Controller->run('/')
#8 [internal function]: Cms\Classes\CmsController->run('/')
#9 /home/phat/SourceCode/october/vendor/laravel/framework/src/Illuminate/Routing/Controller.php(54): call_user_func_array(Array, Array)
#10 /home/phat/SourceCode/october/vendor/laravel/framework/src/Illuminate/Routing/ControllerDispatcher.php(45): Illuminate\Routing\Controller->callAction('run', Array)
#11 /home/phat/SourceCode/october/vendor/laravel/framework/src/Illuminate/Routing/Route.php(212): Illuminate\Routing\ControllerDispatcher->dispatch(Object(Illuminate\Routing\Route), Object(Cms\Classes\CmsController), 'run')
#12 /home/phat/SourceCode/october/vendor/laravel/framework/src/Illuminate/Routing/Route.php(169): Illuminate\Routing\Route->runController()
#13 /home/phat/SourceCode/october/vendor/laravel/framework/src/Illuminate/Routing/Router.php(658): Illuminate\Routing\Route->run()
#14 /home/phat/SourceCode/october/vendor/laravel/framework/src/Illuminate/Routing/Pipeline.php(30): Illuminate\Routing\Router->Illuminate\Routing\{closure}(Object(Illuminate\Http\Request))
#15 /home/phat/SourceCode/october/plugins/rainlab/translate/classes/LocaleMiddleware.php(29): Illuminate\Routing\Pipeline->Illuminate\Routing\{closure}(Object(Illuminate\Http\Request))
#16 /home/phat/SourceCode/october/vendor/laravel/framework/src/Illuminate/Pipeline/Pipeline.php(149): RainLab\Translate\Classes\LocaleMiddleware->handle(Object(Illuminate\Http\Request), Object(Closure))
#17 /home/phat/SourceCode/october/vendor/laravel/framework/src/Illuminate/Routing/Pipeline.php(53): Illuminate\Pipeline\Pipeline->Illuminate\Pipeline\{closure}(Object(Illuminate\Http\Request))
#18 /home/phat/SourceCode/october/vendor/laravel/framework/src/Illuminate/Routing/Middleware/SubstituteBindings.php(41): Illuminate\Routing\Pipeline->Illuminate\Routing\{closure}(Object(Illuminate\Http\Request))
#19 /home/phat/SourceCode/october/vendor/laravel/framework/src/Illuminate/Pipeline/Pipeline.php(149): Illuminate\Routing\Middleware\SubstituteBindings->handle(Object(Illuminate\Http\Request), Object(Closure))
#20 /home/phat/SourceCode/october/vendor/laravel/framework/src/Illuminate/Routing/Pipeline.php(53): Illuminate\Pipeline\Pipeline->Illuminate\Pipeline\{closure}(Object(Illuminate\Http\Request))
#21 /home/phat/SourceCode/october/vendor/laravel/framework/src/Illuminate/View/Middleware/ShareErrorsFromSession.php(49): Illuminate\Routing\Pipeline->Illuminate\Routing\{closure}(Object(Illuminate\Http\Request))
#22 /home/phat/SourceCode/october/vendor/laravel/framework/src/Illuminate/Pipeline/Pipeline.php(149): Illuminate\View\Middleware\ShareErrorsFromSession->handle(Object(Illuminate\Http\Request), Object(Closure))
#23 /home/phat/SourceCode/october/vendor/laravel/framework/src/Illuminate/Routing/Pipeline.php(53): Illuminate\Pipeline\Pipeline->Illuminate\Pipeline\{closure}(Object(Illuminate\Http\Request))
#24 /home/phat/SourceCode/october/vendor/laravel/framework/src/Illuminate/Session/Middleware/StartSession.php(63): Illuminate\Routing\Pipeline->Illuminate\Routing\{closure}(Object(Illuminate\Http\Request))
#25 /home/phat/SourceCode/october/vendor/laravel/framework/src/Illuminate/Pipeline/Pipeline.php(149): Illuminate\Session\Middleware\StartSession->handle(Object(Illuminate\Http\Request), Object(Closure))
#26 /home/phat/SourceCode/october/vendor/laravel/framework/src/Illuminate/Routing/Pipeline.php(53): Illuminate\Pipeline\Pipeline->Illuminate\Pipeline\{closure}(Object(Illuminate\Http\Request))
#27 /home/phat/SourceCode/october/vendor/laravel/framework/src/Illuminate/Cookie/Middleware/AddQueuedCookiesToResponse.php(37): Illuminate\Routing\Pipeline->Illuminate\Routing\{closure}(Object(Illuminate\Http\Request))
#28 /home/phat/SourceCode/october/vendor/laravel/framework/src/Illuminate/Pipeline/Pipeline.php(149): Illuminate\Cookie\Middleware\AddQueuedCookiesToResponse->handle(Object(Illuminate\Http\Request), Object(Closure))
#29 /home/phat/SourceCode/october/vendor/laravel/framework/src/Illuminate/Routing/Pipeline.php(53): Illuminate\Pipeline\Pipeline->Illuminate\Pipeline\{closure}(Object(Illuminate\Http\Request))
#30 /home/phat/SourceCode/october/vendor/laravel/framework/src/Illuminate/Cookie/Middleware/EncryptCookies.php(59): Illuminate\Routing\Pipeline->Illuminate\Routing\{closure}(Object(Illuminate\Http\Request))
#31 /home/phat/SourceCode/october/vendor/laravel/framework/src/Illuminate/Pipeline/Pipeline.php(149): Illuminate\Cookie\Middleware\EncryptCookies->handle(Object(Illuminate\Http\Request), Object(Closure))
#32 /home/phat/SourceCode/october/vendor/laravel/framework/src/Illuminate/Routing/Pipeline.php(53): Illuminate\Pipeline\Pipeline->Illuminate\Pipeline\{closure}(Object(Illuminate\Http\Request))
#33 /home/phat/SourceCode/october/vendor/laravel/framework/src/Illuminate/Pipeline/Pipeline.php(102): Illuminate\Routing\Pipeline->Illuminate\Routing\{closure}(Object(Illuminate\Http\Request))
#34 /home/phat/SourceCode/october/vendor/laravel/framework/src/Illuminate/Routing/Router.php(660): Illuminate\Pipeline\Pipeline->then(Object(Closure))
#35 /home/phat/SourceCode/october/vendor/laravel/framework/src/Illuminate/Routing/Router.php(635): Illuminate\Routing\Router->runRouteWithinStack(Object(Illuminate\Routing\Route), Object(Illuminate\Http\Request))
#36 /home/phat/SourceCode/october/vendor/laravel/framework/src/Illuminate/Routing/Router.php(601): Illuminate\Routing\Router->runRoute(Object(Illuminate\Http\Request), Object(Illuminate\Routing\Route))
#37 /home/phat/SourceCode/october/vendor/october/rain/src/Router/CoreRouter.php(20): Illuminate\Routing\Router->dispatchToRoute(Object(Illuminate\Http\Request))
#38 /home/phat/SourceCode/october/vendor/laravel/framework/src/Illuminate/Foundation/Http/Kernel.php(176): October\Rain\Router\CoreRouter->dispatch(Object(Illuminate\Http\Request))
#39 /home/phat/SourceCode/october/vendor/laravel/framework/src/Illuminate/Routing/Pipeline.php(30): Illuminate\Foundation\Http\Kernel->Illuminate\Foundation\Http\{closure}(Object(Illuminate\Http\Request))
#40 /home/phat/SourceCode/october/vendor/laravel/framework/src/Illuminate/Foundation/Http/Middleware/CheckForMaintenanceMode.php(46): Illuminate\Routing\Pipeline->Illuminate\Routing\{closure}(Object(Illuminate\Http\Request))
#41 /home/phat/SourceCode/october/vendor/laravel/framework/src/Illuminate/Pipeline/Pipeline.php(149): Illuminate\Foundation\Http\Middleware\CheckForMaintenanceMode->handle(Object(Illuminate\Http\Request), Object(Closure))
#42 /home/phat/SourceCode/october/vendor/laravel/framework/src/Illuminate/Routing/Pipeline.php(53): Illuminate\Pipeline\Pipeline->Illuminate\Pipeline\{closure}(Object(Illuminate\Http\Request))
#43 /home/phat/SourceCode/october/vendor/laravel/framework/src/Illuminate/Pipeline/Pipeline.php(102): Illuminate\Routing\Pipeline->Illuminate\Routing\{closure}(Object(Illuminate\Http\Request))
#44 /home/phat/SourceCode/october/vendor/laravel/framework/src/Illuminate/Foundation/Http/Kernel.php(151): Illuminate\Pipeline\Pipeline->then(Object(Closure))
#45 /home/phat/SourceCode/october/vendor/laravel/framework/src/Illuminate/Foundation/Http/Kernel.php(116): Illuminate\Foundation\Http\Kernel->sendRequestThroughRouter(Object(Illuminate\Http\Request))
#46 /home/phat/SourceCode/october/index.php(43): Illuminate\Foundation\Http\Kernel->handle(Object(Illuminate\Http\Request))
#47 {main}  
